#
# There is insufficient memory for the Java Runtime Environment to continue.
# Native memory allocation (malloc) failed to allocate 569296 bytes for Chunk::new
# Possible reasons:
#   The system is out of physical RAM or swap space
#   In 32 bit mode, the process size limit was hit
# Possible solutions:
#   Reduce memory load on the system
#   Increase physical memory or swap space
#   Check if swap backing store is full
#   Use 64 bit Java on a 64 bit OS
#   Decrease Java heap size (-Xmx/-Xms)
#   Decrease number of Java threads
#   Decrease Java thread stack sizes (-Xss)
#   Set larger code cache with -XX:ReservedCodeCacheSize=
# This output file may be truncated or incomplete.
#
#  Out of Memory Error (allocation.cpp:390), pid=7628, tid=0x0000000000002c34
#
# JRE version: OpenJDK Runtime Environment (8.0_152-b01) (build 1.8.0_152-release-915-b01)
# Java VM: OpenJDK 64-Bit Server VM (25.152-b01 mixed mode windows-amd64 compressed oops)
# Failed to write core dump. Minidumps are not enabled by default on client versions of Windows
#

---------------  T H R E A D  ---------------

Current thread (0x00000000166eb000):  JavaThread "C2 CompilerThread1" daemon [_thread_in_native, id=11316, stack(0x0000000016de0000,0x0000000016ee0000)]

Stack: [0x0000000016de0000,0x0000000016ee0000]
[error occurred during error reporting (printing stack bounds), id 0xc0000005]

Native frames: (J=compiled Java code, j=interpreted, Vv=VM code, C=native code)


Current CompileTask:
C2:  23134 2233 %     4       com.android.dx.ssa.SsaConverter::edgeSplitMoveExceptionsAndResults @ 12 (157 bytes)


---------------  P R O C E S S  ---------------

Java Threads: ( => current thread )
  0x0000000016967800 JavaThread "pool-1-thread-4" [_thread_in_Java, id=5992, stack(0x00000000175e0000,0x00000000176e0000)]
  0x0000000016966800 JavaThread "pool-1-thread-3" [_thread_in_Java, id=10132, stack(0x00000000174e0000,0x00000000175e0000)]
  0x0000000016966000 JavaThread "pool-1-thread-2" [_thread_in_Java, id=13328, stack(0x00000000173e0000,0x00000000174e0000)]
  0x0000000016965000 JavaThread "pool-2-thread-1" [_thread_blocked, id=9952, stack(0x00000000172e0000,0x00000000173e0000)]
  0x0000000016959000 JavaThread "pool-1-thread-1" [_thread_in_Java, id=5288, stack(0x00000000171e0000,0x00000000172e0000)]
  0x0000000016761000 JavaThread "Service Thread" daemon [_thread_blocked, id=7988, stack(0x0000000016fe0000,0x00000000170e0000)]
  0x0000000016731000 JavaThread "C1 CompilerThread2" daemon [_thread_blocked, id=7632, stack(0x0000000016ee0000,0x0000000016fe0000)]
=>0x00000000166eb000 JavaThread "C2 CompilerThread1" daemon [_thread_in_native, id=11316, stack(0x0000000016de0000,0x0000000016ee0000)]
  0x00000000153eb000 JavaThread "C2 CompilerThread0" daemon [_thread_in_native, id=14424, stack(0x0000000016ce0000,0x0000000016de0000)]
  0x00000000166e8800 JavaThread "Attach Listener" daemon [_thread_blocked, id=5852, stack(0x0000000016be0000,0x0000000016ce0000)]
  0x0000000015387800 JavaThread "Signal Dispatcher" daemon [_thread_blocked, id=4128, stack(0x0000000016ae0000,0x0000000016be0000)]
  0x0000000002cbc800 JavaThread "Finalizer" daemon [_thread_blocked, id=8032, stack(0x00000000165e0000,0x00000000166e0000)]
  0x0000000002cb2000 JavaThread "Reference Handler" daemon [_thread_blocked, id=8868, stack(0x00000000164e0000,0x00000000165e0000)]
  0x000000000103e800 JavaThread "main" [_thread_blocked, id=2356, stack(0x0000000002ac0000,0x0000000002bc0000)]

Other Threads:
  0x0000000002cac000 VMThread [stack: 0x00000000163e0000,0x00000000164e0000] [id=1264]
  0x0000000016762800 WatcherThread [stack: 0x00000000170e0000,0x00000000171e0000] [id=5368]

VM state:not at safepoint (normal execution)

VM Mutex/Monitor currently owned by a thread: None

Heap:
 PSYoungGen      total 138240K, used 48989K [0x00000000eab00000, 0x00000000fec00000, 0x0000000100000000)
  eden space 133120K, 32% used [0x00000000eab00000,0x00000000ed5dbbf8,0x00000000f2d00000)
  from space 5120K, 99% used [0x00000000f2d00000,0x00000000f31fb848,0x00000000f3200000)
  to   space 31232K, 0% used [0x00000000fcd80000,0x00000000fcd80000,0x00000000fec00000)
 ParOldGen       total 87552K, used 51580K [0x00000000c0000000, 0x00000000c5580000, 0x00000000eab00000)
  object space 87552K, 58% used [0x00000000c0000000,0x00000000c325f1b8,0x00000000c5580000)
 Metaspace       used 6535K, capacity 7218K, committed 7296K, reserved 1056768K
  class space    used 596K, capacity 618K, committed 640K, reserved 1048576K

Card table byte_map: [0x0000000012080000,0x0000000012290000] byte_map_base: 0x0000000011a80000

Marking Bits: (ParMarkBitMap*) 0x0000000055f63950
 Begin Bits: [0x00000000127f0000, 0x00000000137f0000)
 End Bits:   [0x00000000137f0000, 0x00000000147f0000)

Polling page: 0x0000000000bf0000

CodeCache: size=245760Kb used=10746Kb max_used=10749Kb free=235013Kb
 bounds [0x0000000002cc0000, 0x0000000003750000, 0x0000000011cc0000]
 total_blobs=2390 nmethods=2120 adapters=183
 compilation: enabled

Compilation events (10 events):
Event: 23.043 Thread 0x0000000016731000 2236       1       com.android.dx.cf.code.RopperMachine::canThrow (5 bytes)
Event: 23.043 Thread 0x0000000016731000 nmethod 2236 0x0000000003725b90 code [0x0000000003725ce0, 0x0000000003725df0]
Event: 23.051 Thread 0x0000000016731000 2237       1       com.android.dx.cf.code.BaseMachine::auxType (6 bytes)
Event: 23.051 Thread 0x0000000016731000 nmethod 2237 0x0000000003725890 code [0x00000000037259e0, 0x0000000003725b10]
Event: 23.075 Thread 0x0000000016731000 2238       2       com.android.dx.cf.code.SwitchList::<init> (37 bytes)
Event: 23.075 Thread 0x0000000016731000 nmethod 2238 0x0000000003725350 code [0x00000000037254c0, 0x0000000003725778]
Event: 23.075 Thread 0x0000000016731000 2240       2       com.android.dx.cf.code.SwitchList::removeSuperfluousDefaults (149 bytes)
Event: 23.076 Thread 0x0000000016731000 nmethod 2240 0x00000000036d8190 code [0x00000000036d8380, 0x00000000036d8898]
Event: 23.076 Thread 0x0000000016731000 2239       2       com.android.dx.cf.code.SwitchList::setDefaultTarget (51 bytes)
Event: 23.076 Thread 0x0000000016731000 nmethod 2239 0x00000000036d7a10 code [0x00000000036d7bc0, 0x00000000036d7f58]

GC Heap History (10 events):
Event: 4.211 GC heap before
{Heap before GC invocations=1 (full 0):
 PSYoungGen      total 38400K, used 33280K [0x00000000eab00000, 0x00000000ed580000, 0x0000000100000000)
  eden space 33280K, 100% used [0x00000000eab00000,0x00000000ecb80000,0x00000000ecb80000)
  from space 5120K, 0% used [0x00000000ed080000,0x00000000ed080000,0x00000000ed580000)
  to   space 5120K, 0% used [0x00000000ecb80000,0x00000000ecb80000,0x00000000ed080000)
 ParOldGen       total 87552K, used 0K [0x00000000c0000000, 0x00000000c5580000, 0x00000000eab00000)
  object space 87552K, 0% used [0x00000000c0000000,0x00000000c0000000,0x00000000c5580000)
 Metaspace       used 6085K, capacity 6896K, committed 7040K, reserved 1056768K
  class space    used 591K, capacity 616K, committed 640K, reserved 1048576K
Event: 4.816 GC heap after
Heap after GC invocations=1 (full 0):
 PSYoungGen      total 38400K, used 5115K [0x00000000eab00000, 0x00000000ef600000, 0x0000000100000000)
  eden space 33280K, 0% used [0x00000000eab00000,0x00000000eab00000,0x00000000ecb80000)
  from space 5120K, 99% used [0x00000000ecb80000,0x00000000ed07eec8,0x00000000ed080000)
  to   space 5120K, 0% used [0x00000000ef100000,0x00000000ef100000,0x00000000ef600000)
 ParOldGen       total 87552K, used 728K [0x00000000c0000000, 0x00000000c5580000, 0x00000000eab00000)
  object space 87552K, 0% used [0x00000000c0000000,0x00000000c00b6348,0x00000000c5580000)
 Metaspace       used 6085K, capacity 6896K, committed 7040K, reserved 1056768K
  class space    used 591K, capacity 616K, committed 640K, reserved 1048576K
}
Event: 8.933 GC heap before
{Heap before GC invocations=2 (full 0):
 PSYoungGen      total 38400K, used 38395K [0x00000000eab00000, 0x00000000ef600000, 0x0000000100000000)
  eden space 33280K, 100% used [0x00000000eab00000,0x00000000ecb80000,0x00000000ecb80000)
  from space 5120K, 99% used [0x00000000ecb80000,0x00000000ed07eec8,0x00000000ed080000)
  to   space 5120K, 0% used [0x00000000ef100000,0x00000000ef100000,0x00000000ef600000)
 ParOldGen       total 87552K, used 728K [0x00000000c0000000, 0x00000000c5580000, 0x00000000eab00000)
  object space 87552K, 0% used [0x00000000c0000000,0x00000000c00b6348,0x00000000c5580000)
 Metaspace       used 6319K, capacity 7088K, committed 7296K, reserved 1056768K
  class space    used 592K, capacity 616K, committed 640K, reserved 1048576K
Event: 10.339 GC heap after
Heap after GC invocations=2 (full 0):
 PSYoungGen      total 71680K, used 5093K [0x00000000eab00000, 0x00000000ef600000, 0x0000000100000000)
  eden space 66560K, 0% used [0x00000000eab00000,0x00000000eab00000,0x00000000eec00000)
  from space 5120K, 99% used [0x00000000ef100000,0x00000000ef5f97b0,0x00000000ef600000)
  to   space 5120K, 0% used [0x00000000eec00000,0x00000000eec00000,0x00000000ef100000)
 ParOldGen       total 87552K, used 5485K [0x00000000c0000000, 0x00000000c5580000, 0x00000000eab00000)
  object space 87552K, 6% used [0x00000000c0000000,0x00000000c055b780,0x00000000c5580000)
 Metaspace       used 6319K, capacity 7088K, committed 7296K, reserved 1056768K
  class space    used 592K, capacity 616K, committed 640K, reserved 1048576K
}
Event: 15.042 GC heap before
{Heap before GC invocations=3 (full 0):
 PSYoungGen      total 71680K, used 71653K [0x00000000eab00000, 0x00000000ef600000, 0x0000000100000000)
  eden space 66560K, 100% used [0x00000000eab00000,0x00000000eec00000,0x00000000eec00000)
  from space 5120K, 99% used [0x00000000ef100000,0x00000000ef5f97b0,0x00000000ef600000)
  to   space 5120K, 0% used [0x00000000eec00000,0x00000000eec00000,0x00000000ef100000)
 ParOldGen       total 87552K, used 5485K [0x00000000c0000000, 0x00000000c5580000, 0x00000000eab00000)
  object space 87552K, 6% used [0x00000000c0000000,0x00000000c055b780,0x00000000c5580000)
 Metaspace       used 6398K, capacity 7088K, committed 7296K, reserved 1056768K
  class space    used 592K, capacity 616K, committed 640K, reserved 1048576K
Event: 15.366 GC heap after
Heap after GC invocations=3 (full 0):
 PSYoungGen      total 71680K, used 5096K [0x00000000eab00000, 0x00000000f3700000, 0x0000000100000000)
  eden space 66560K, 0% used [0x00000000eab00000,0x00000000eab00000,0x00000000eec00000)
  from space 5120K, 99% used [0x00000000eec00000,0x00000000ef0fa048,0x00000000ef100000)
  to   space 5120K, 0% used [0x00000000f3200000,0x00000000f3200000,0x00000000f3700000)
 ParOldGen       total 87552K, used 14139K [0x00000000c0000000, 0x00000000c5580000, 0x00000000eab00000)
  object space 87552K, 16% used [0x00000000c0000000,0x00000000c0dcec40,0x00000000c5580000)
 Metaspace       used 6398K, capacity 7088K, committed 7296K, reserved 1056768K
  class space    used 592K, capacity 616K, committed 640K, reserved 1048576K
}
Event: 17.121 GC heap before
{Heap before GC invocations=4 (full 0):
 PSYoungGen      total 71680K, used 71656K [0x00000000eab00000, 0x00000000f3700000, 0x0000000100000000)
  eden space 66560K, 100% used [0x00000000eab00000,0x00000000eec00000,0x00000000eec00000)
  from space 5120K, 99% used [0x00000000eec00000,0x00000000ef0fa048,0x00000000ef100000)
  to   space 5120K, 0% used [0x00000000f3200000,0x00000000f3200000,0x00000000f3700000)
 ParOldGen       total 87552K, used 14139K [0x00000000c0000000, 0x00000000c5580000, 0x00000000eab00000)
  object space 87552K, 16% used [0x00000000c0000000,0x00000000c0dcec40,0x00000000c5580000)
 Metaspace       used 6486K, capacity 7152K, committed 7296K, reserved 1056768K
  class space    used 593K, capacity 616K, committed 640K, reserved 1048576K
Event: 18.082 GC heap after
Heap after GC invocations=4 (full 0):
 PSYoungGen      total 138240K, used 5102K [0x00000000eab00000, 0x00000000f3700000, 0x0000000100000000)
  eden space 133120K, 0% used [0x00000000eab00000,0x00000000eab00000,0x00000000f2d00000)
  from space 5120K, 99% used [0x00000000f3200000,0x00000000f36fb848,0x00000000f3700000)
  to   space 5120K, 0% used [0x00000000f2d00000,0x00000000f2d00000,0x00000000f3200000)
 ParOldGen       total 87552K, used 28977K [0x00000000c0000000, 0x00000000c5580000, 0x00000000eab00000)
  object space 87552K, 33% used [0x00000000c0000000,0x00000000c1c4c768,0x00000000c5580000)
 Metaspace       used 6486K, capacity 7152K, committed 7296K, reserved 1056768K
  class space    used 593K, capacity 616K, committed 640K, reserved 1048576K
}
Event: 22.744 GC heap before
{Heap before GC invocations=5 (full 0):
 PSYoungGen      total 138240K, used 138222K [0x00000000eab00000, 0x00000000f3700000, 0x0000000100000000)
  eden space 133120K, 100% used [0x00000000eab00000,0x00000000f2d00000,0x00000000f2d00000)
  from space 5120K, 99% used [0x00000000f3200000,0x00000000f36fb848,0x00000000f3700000)
  to   space 5120K, 0% used [0x00000000f2d00000,0x00000000f2d00000,0x00000000f3200000)
 ParOldGen       total 87552K, used 28977K [0x00000000c0000000, 0x00000000c5580000, 0x00000000eab00000)
  object space 87552K, 33% used [0x00000000c0000000,0x00000000c1c4c768,0x00000000c5580000)
 Metaspace       used 6526K, capacity 7216K, committed 7296K, reserved 1056768K
  class space    used 593K, capacity 616K, committed 640K, reserved 1048576K
Event: 22.893 GC heap after
Heap after GC invocations=5 (full 0):
 PSYoungGen      total 138240K, used 5102K [0x00000000eab00000, 0x00000000fec00000, 0x0000000100000000)
  eden space 133120K, 0% used [0x00000000eab00000,0x00000000eab00000,0x00000000f2d00000)
  from space 5120K, 99% used [0x00000000f2d00000,0x00000000f31fb848,0x00000000f3200000)
  to   space 31232K, 0% used [0x00000000fcd80000,0x00000000fcd80000,0x00000000fec00000)
 ParOldGen       total 87552K, used 51580K [0x00000000c0000000, 0x00000000c5580000, 0x00000000eab00000)
  object space 87552K, 58% used [0x00000000c0000000,0x00000000c325f1b8,0x00000000c5580000)
 Metaspace       used 6526K, capacity 7216K, committed 7296K, reserved 1056768K
  class space    used 593K, capacity 616K, committed 640K, reserved 1048576K
}

Deoptimization events (10 events):
Event: 20.877 Thread 0x0000000016967800 Uncommon trap: reason=speculate_class_check action=maybe_recompile pc=0x00000000035db628 method=com.android.dx.rop.cst.TypedConstant.getBasicType()I @ 1
Event: 21.246 Thread 0x0000000016959000 Uncommon trap: reason=bimorphic action=maybe_recompile pc=0x000000000349de98 method=com.android.dx.ssa.SCCP.setLatticeValueTo(IILcom/android/dx/rop/cst/Constant;)Z @ 43
Event: 21.246 Thread 0x0000000016959000 Uncommon trap: reason=bimorphic action=maybe_recompile pc=0x000000000349de98 method=com.android.dx.ssa.SCCP.setLatticeValueTo(IILcom/android/dx/rop/cst/Constant;)Z @ 43
Event: 21.246 Thread 0x0000000016959000 Uncommon trap: reason=bimorphic action=maybe_recompile pc=0x000000000349de98 method=com.android.dx.ssa.SCCP.setLatticeValueTo(IILcom/android/dx/rop/cst/Constant;)Z @ 43
Event: 21.246 Thread 0x0000000016959000 Uncommon trap: reason=bimorphic action=maybe_recompile pc=0x000000000349de98 method=com.android.dx.ssa.SCCP.setLatticeValueTo(IILcom/android/dx/rop/cst/Constant;)Z @ 43
Event: 22.040 Thread 0x0000000016966000 Uncommon trap: reason=class_check action=maybe_recompile pc=0x0000000003689c18 method=com.android.dx.cf.code.Ropper.processBlock(Lcom/android/dx/cf/code/ByteBlock;Lcom/android/dx/cf/code/Frame;[I)V @ 711
Event: 22.524 Thread 0x0000000016966800 Uncommon trap: reason=class_check action=maybe_recompile pc=0x0000000003689c18 method=com.android.dx.cf.code.Ropper.processBlock(Lcom/android/dx/cf/code/ByteBlock;Lcom/android/dx/cf/code/Frame;[I)V @ 711
Event: 22.525 Thread 0x0000000016966800 Uncommon trap: reason=class_check action=maybe_recompile pc=0x0000000003689c18 method=com.android.dx.cf.code.Ropper.processBlock(Lcom/android/dx/cf/code/ByteBlock;Lcom/android/dx/cf/code/Frame;[I)V @ 711
Event: 22.525 Thread 0x0000000016966800 Uncommon trap: reason=class_check action=maybe_recompile pc=0x0000000003689c18 method=com.android.dx.cf.code.Ropper.processBlock(Lcom/android/dx/cf/code/ByteBlock;Lcom/android/dx/cf/code/Frame;[I)V @ 711
Event: 23.086 Thread 0x0000000016959000 Uncommon trap: reason=bimorphic action=maybe_recompile pc=0x00000000035933d0 method=com.android.dx.cf.code.RopperMachine.run(Lcom/android/dx/cf/code/Frame;II)V @ 988

Classes redefined (0 events):
No events

Internal exceptions (2 events):
Event: 0.043 Thread 0x000000000103e800 Exception <a 'java/lang/NoSuchMethodError': Method sun.misc.Unsafe.defineClass(Ljava/lang/String;[BII)Ljava/lang/Class; name or signature does not match> (0x00000000eab07ca8) thrown at [D:\src\AOSP-openjdk-cygwin\jdk8u\hotspot\src\share\vm\prims\jni.cpp, 
Event: 0.043 Thread 0x000000000103e800 Exception <a 'java/lang/NoSuchMethodError': Method sun.misc.Unsafe.prefetchRead(Ljava/lang/Object;J)V name or signature does not match> (0x00000000eab07f90) thrown at [D:\src\AOSP-openjdk-cygwin\jdk8u\hotspot\src\share\vm\prims\jni.cpp, line 4011]

Events (10 events):
Event: 22.525 Thread 0x0000000016966800 DEOPT UNPACKING pc=0x0000000002d0556a sp=0x00000000175deaf0 mode 2
Event: 22.647 Executing VM operation: ParallelGCFailedAllocation
Event: 22.893 Executing VM operation: ParallelGCFailedAllocation done
Event: 22.913 Thread 0x0000000016966800 DEOPT PACKING pc=0x00000000031487a5 sp=0x00000000175deb10
Event: 22.913 Thread 0x0000000016966800 DEOPT UNPACKING pc=0x0000000002d075bf sp=0x00000000175de8f0 mode 0
Event: 22.961 Thread 0x0000000016966000 DEOPT PACKING pc=0x00000000031487a5 sp=0x00000000174de950
Event: 22.961 Thread 0x0000000016966000 DEOPT UNPACKING pc=0x0000000002d075bf sp=0x00000000174de730 mode 0
Event: 23.086 Thread 0x0000000016959000 Uncommon trap: trap_request=0xffffffc6 fr.pc=0x00000000035933d0
Event: 23.086 Thread 0x0000000016959000 DEOPT PACKING pc=0x00000000035933d0 sp=0x00000000172de800
Event: 23.086 Thread 0x0000000016959000 DEOPT UNPACKING pc=0x0000000002d0556a sp=0x00000000172de7c8 mode 2


Dynamic libraries:
0x00007ff647c00000 - 0x00007ff647c31000 	D:\Android\android studio\jre\bin\java.exe
0x00007ffa19c00000 - 0x00007ffa19dd2000 	C:\WINDOWS\SYSTEM32\ntdll.dll
0x00007ffa19560000 - 0x00007ffa1960c000 	C:\WINDOWS\System32\KERNEL32.DLL
0x00007ffa16210000 - 0x00007ffa1642d000 	C:\WINDOWS\System32\KERNELBASE.dll
0x00007ffa19610000 - 0x00007ffa196b2000 	C:\WINDOWS\System32\ADVAPI32.dll
0x00007ffa19960000 - 0x00007ffa199fe000 	C:\WINDOWS\System32\msvcrt.dll
0x00007ffa18ea0000 - 0x00007ffa18ef9000 	C:\WINDOWS\System32\sechost.dll
0x00007ffa19830000 - 0x00007ffa19951000 	C:\WINDOWS\System32\RPCRT4.dll
0x00007ffa196c0000 - 0x00007ffa19825000 	C:\WINDOWS\System32\USER32.dll
0x00007ffa16e90000 - 0x00007ffa16eae000 	C:\WINDOWS\System32\win32u.dll
0x00007ffa175d0000 - 0x00007ffa17604000 	C:\WINDOWS\System32\GDI32.dll
0x00007ffa15fa0000 - 0x00007ffa16120000 	C:\WINDOWS\System32\gdi32full.dll
0x00007ffa0c630000 - 0x00007ffa0c8aa000 	C:\WINDOWS\WinSxS\amd64_microsoft.windows.common-controls_6595b64144ccf1df_6.0.14393.953_none_42151e83c686086b\COMCTL32.dll
0x00007ffa16fd0000 - 0x00007ffa17298000 	C:\WINDOWS\System32\combase.dll
0x00007ffa16d90000 - 0x00007ffa16e85000 	C:\WINDOWS\System32\ucrtbase.dll
0x00007ffa16120000 - 0x00007ffa1618a000 	C:\WINDOWS\System32\bcryptPrimitives.dll
0x00007ffa175a0000 - 0x00007ffa175ce000 	C:\WINDOWS\System32\IMM32.DLL
0x00000000556c0000 - 0x0000000055792000 	D:\Android\android studio\jre\jre\bin\msvcr100.dll
0x00000000557a0000 - 0x0000000055fde000 	D:\Android\android studio\jre\jre\bin\server\jvm.dll
0x00007ffa161e0000 - 0x00007ffa16203000 	C:\WINDOWS\System32\WINMM.dll
0x00007ffa15e40000 - 0x00007ffa15e6b000 	C:\WINDOWS\System32\WINMMBASE.dll
0x00007ffa16190000 - 0x00007ffa161d2000 	C:\WINDOWS\System32\cfgmgr32.dll
0x00007ffa172b0000 - 0x00007ffa172b8000 	C:\WINDOWS\System32\PSAPI.DLL
0x00007ffa06510000 - 0x00007ffa06519000 	C:\WINDOWS\SYSTEM32\WSOCK32.dll
0x00007ffa19490000 - 0x00007ffa194fa000 	C:\WINDOWS\System32\WS2_32.dll
0x00007ffa10490000 - 0x00007ffa1049a000 	C:\WINDOWS\SYSTEM32\VERSION.dll
0x00007ffa13e80000 - 0x00007ffa13e8f000 	D:\Android\android studio\jre\jre\bin\verify.dll
0x00007ffa0e750000 - 0x00007ffa0e779000 	D:\Android\android studio\jre\jre\bin\java.dll
0x00007ffa0b320000 - 0x00007ffa0b336000 	D:\Android\android studio\jre\jre\bin\zip.dll
0x00007ffa17610000 - 0x00007ffa18b18000 	C:\WINDOWS\System32\SHELL32.dll
0x00007ffa16430000 - 0x00007ffa16b08000 	C:\WINDOWS\System32\windows.storage.dll
0x00007ffa15f50000 - 0x00007ffa15f9c000 	C:\WINDOWS\System32\powrprof.dll
0x00007ffa19a00000 - 0x00007ffa19a52000 	C:\WINDOWS\System32\shlwapi.dll
0x00007ffa15ea0000 - 0x00007ffa15eaf000 	C:\WINDOWS\System32\kernel.appcore.dll
0x00007ffa16f10000 - 0x00007ffa16fb9000 	C:\WINDOWS\System32\shcore.dll
0x00007ffa15e70000 - 0x00007ffa15e84000 	C:\WINDOWS\System32\profapi.dll

VM Arguments:
jvm_args: -Djava.awt.headless=true -Xmx1024M -Dfile.encoding=GBK -Duser.country=CN -Duser.language=zh -Duser.variant 
java_command: com.android.dx.command.Main --dex --num-threads=4 --output D:\AndroidProject\and-nd-firebase\app\build\intermediates\pre-dexed\debug\com.google.android.gms-play-services-basement-9.0.0_ac3dda1c651514aaeb379d6c72ba3aa9d4bd2586.jar D:\AndroidProject\and-nd-firebase\app\build\intermediates\exploded-aar\com.google.android.gms\play-services-basement\9.0.0\jars\classes.jar
java_class_path (initial): D:\Android\SDK\build-tools\24.0.1\lib\dx.jar
Launcher Type: SUN_STANDARD

Environment Variables:
JAVA_HOME=D:\java 1.7
CLASSPATH=D:\java 1.7\lib;D:\java 1.7\lib\tools.jar;D:\tomcat\apache-tomcat-7.0.68\bin\bootstrap.jar;D:\tomcat\apache-tomcat-7.0.68\bin\tomcat-juli;D:\java 1.7\jre\lib
PATH=C:\ProgramData\Oracle\Java\javapath;C:\Program Files (x86)\NVIDIA Corporation\PhysX\Common;C:\Program Files (x86)\Intel\iCLS Client\;C:\Program Files\Intel\iCLS Client\;C:\WINDOWS\system32;C:\WINDOWS;C:\WINDOWS\System32\Wbem;C:\WINDOWS\System32\WindowsPowerShell\v1.0\;C:\Program Files\Intel\Intel(R) Management Engine Components\DAL;C:\Program Files (x86)\Intel\Intel(R) Management Engine Components\DAL;C:\Program Files\Intel\Intel(R) Management Engine Components\IPT;C:\Program Files (x86)\Intel\Intel(R) Management Engine Components\IPT;C:\Program Files (x86)\AOMEI Backupper 2.1;D:\java 1.7\bin;D:\java 1.7\jre\bin;D:\matlab\runtime\win64;D:\matlab\bin;D:\software\Phone\;C:\Program Files (x86)\MySQL\MySQL Server 5.1\bin;D:\maven\apache-maven-3.3.9\bin;D:\tomcat\apache-tomcat-7.0.68\bin;D:\tomcat\apache-tomcat-7.0.68\lib;D:\Git\cmd;C:\Users\asus-pc\AppData\Local\Microsoft\WindowsApps;C:\Users\asus-pc\AppData\Local\GitHubDesktop\bin;D:\Android\SDK\ndk-bundle;D:\Android\SDK\platform-tools
USERNAME=asus-pc
OS=Windows_NT
PROCESSOR_IDENTIFIER=Intel64 Family 6 Model 60 Stepping 3, GenuineIntel



---------------  S Y S T E M  ---------------

OS: Windows 10.0 , 64 bit Build 14393 (10.0.14393.1198)

CPU:total 4 (initial active 4) (2 cores per cpu, 2 threads per core) family 6 model 60 stepping 3, cmov, cx8, fxsr, mmx, sse, sse2, sse3, ssse3, sse4.1, sse4.2, popcnt, avx, avx2, aes, clmul, erms, lzcnt, ht, tsc, tscinvbit, bmi1, bmi2

Memory: 4k page, physical 8274928k(995032k free), swap 10226672k(3400k free)

vm_info: OpenJDK 64-Bit Server VM (25.152-b01) for windows-amd64 JRE (1.8.0_152-release-915-b01), built by "builder" with MS VC++ 10.0 (VS2010)

time: Tue Nov 28 20:17:09 2017
elapsed time: 23 seconds (0d 0h 0m 23s)

