#
# There is insufficient memory for the Java Runtime Environment to continue.
# Native memory allocation (malloc) failed to allocate 1048576 bytes for AllocateHeap
# Possible reasons:
#   The system is out of physical RAM or swap space
#   In 32 bit mode, the process size limit was hit
# Possible solutions:
#   Reduce memory load on the system
#   Increase physical memory or swap space
#   Check if swap backing store is full
#   Use 64 bit Java on a 64 bit OS
#   Decrease Java heap size (-Xmx/-Xms)
#   Decrease number of Java threads
#   Decrease Java thread stack sizes (-Xss)
#   Set larger code cache with -XX:ReservedCodeCacheSize=
# This output file may be truncated or incomplete.
#
#  Out of Memory Error (memory/allocation.inline.hpp:61), pid=6060, tid=0x0000000000002b58
#
# JRE version:  (8.0_152-b01) (build )
# Java VM: OpenJDK 64-Bit Server VM (25.152-b01 mixed mode windows-amd64 compressed oops)
# Failed to write core dump. Minidumps are not enabled by default on client versions of Windows
#

---------------  T H R E A D  ---------------

Current thread (0x0000000002cce800):  JavaThread "Unknown thread" [_thread_in_vm, id=11096, stack(0x0000000002ae0000,0x0000000002be0000)]

Stack: [0x0000000002ae0000,0x0000000002be0000]
[error occurred during error reporting (printing stack bounds), id 0xc0000005]

Native frames: (J=compiled Java code, j=interpreted, Vv=VM code, C=native code)


---------------  P R O C E S S  ---------------

Java Threads: ( => current thread )

Other Threads:

=>0x0000000002cce800 (exited) JavaThread "Unknown thread" [_thread_in_vm, id=11096, stack(0x0000000002ae0000,0x0000000002be0000)]

VM state:not at safepoint (normal execution)

VM Mutex/Monitor currently owned by a thread: None

Heap:
 PSYoungGen      total 38400K, used 665K [0x00000000eab00000, 0x00000000ed580000, 0x0000000100000000)
  eden space 33280K, 2% used [0x00000000eab00000,0x00000000eaba6670,0x00000000ecb80000)
  from space 5120K, 0% used [0x00000000ed080000,0x00000000ed080000,0x00000000ed580000)
  to   space 5120K, 0% used [0x00000000ecb80000,0x00000000ecb80000,0x00000000ed080000)
 ParOldGen       total 87552K, used 0K [0x00000000c0000000, 0x00000000c5580000, 0x00000000eab00000)
  object space 87552K, 0% used [0x00000000c0000000,0x00000000c0000000,0x00000000c5580000)
 Metaspace       used 772K, capacity 4480K, committed 4480K, reserved 1056768K
  class space    used 73K, capacity 384K, committed 384K, reserved 1048576K

Card table byte_map: [0x0000000012190000,0x00000000123a0000] byte_map_base: 0x0000000011b90000

Marking Bits: (ParMarkBitMap*) 0x0000000055f63950
 Begin Bits: [0x0000000012900000, 0x0000000013900000)
 End Bits:   [0x0000000013900000, 0x0000000014900000)

Polling page: 0x0000000000c60000

CodeCache: size=245760Kb used=328Kb max_used=328Kb free=245431Kb
 bounds [0x0000000002dd0000, 0x0000000003040000, 0x0000000011dd0000]
 total_blobs=57 nmethods=0 adapters=38
 compilation: enabled

Compilation events (0 events):
No events

GC Heap History (0 events):
No events

Deoptimization events (0 events):
No events

Classes redefined (0 events):
No events

Internal exceptions (0 events):
No events

Events (10 events):
Event: 0.031 loading class java/lang/Short
Event: 0.032 loading class java/lang/Short done
Event: 0.032 loading class java/lang/Integer
Event: 0.032 loading class java/lang/Integer done
Event: 0.032 loading class java/lang/Long
Event: 0.032 loading class java/lang/Long done
Event: 0.033 loading class java/lang/NullPointerException
Event: 0.033 loading class java/lang/NullPointerException done
Event: 0.033 loading class java/lang/ArithmeticException
Event: 0.033 loading class java/lang/ArithmeticException done


Dynamic libraries:
0x00007ff647c00000 - 0x00007ff647c31000 	D:\Android\android studio\jre\bin\java.exe
0x00007ffa19c00000 - 0x00007ffa19dd2000 	C:\WINDOWS\SYSTEM32\ntdll.dll
0x00007ffa19560000 - 0x00007ffa1960c000 	C:\WINDOWS\System32\KERNEL32.DLL
0x00007ffa16210000 - 0x00007ffa1642d000 	C:\WINDOWS\System32\KERNELBASE.dll
0x00007ffa19610000 - 0x00007ffa196b2000 	C:\WINDOWS\System32\ADVAPI32.dll
0x00007ffa19960000 - 0x00007ffa199fe000 	C:\WINDOWS\System32\msvcrt.dll
0x00007ffa18ea0000 - 0x00007ffa18ef9000 	C:\WINDOWS\System32\sechost.dll
0x00007ffa19830000 - 0x00007ffa19951000 	C:\WINDOWS\System32\RPCRT4.dll
0x00007ffa196c0000 - 0x00007ffa19825000 	C:\WINDOWS\System32\USER32.dll
0x00007ffa16e90000 - 0x00007ffa16eae000 	C:\WINDOWS\System32\win32u.dll
0x00007ffa175d0000 - 0x00007ffa17604000 	C:\WINDOWS\System32\GDI32.dll
0x00007ffa15fa0000 - 0x00007ffa16120000 	C:\WINDOWS\System32\gdi32full.dll
0x00007ffa0c630000 - 0x00007ffa0c8aa000 	C:\WINDOWS\WinSxS\amd64_microsoft.windows.common-controls_6595b64144ccf1df_6.0.14393.953_none_42151e83c686086b\COMCTL32.dll
0x00007ffa16fd0000 - 0x00007ffa17298000 	C:\WINDOWS\System32\combase.dll
0x00007ffa16d90000 - 0x00007ffa16e85000 	C:\WINDOWS\System32\ucrtbase.dll
0x00007ffa16120000 - 0x00007ffa1618a000 	C:\WINDOWS\System32\bcryptPrimitives.dll
0x00007ffa175a0000 - 0x00007ffa175ce000 	C:\WINDOWS\System32\IMM32.DLL
0x00000000556c0000 - 0x0000000055792000 	D:\Android\android studio\jre\jre\bin\msvcr100.dll
0x00000000557a0000 - 0x0000000055fde000 	D:\Android\android studio\jre\jre\bin\server\jvm.dll
0x00007ffa161e0000 - 0x00007ffa16203000 	C:\WINDOWS\System32\WINMM.dll
0x00007ffa15e40000 - 0x00007ffa15e6b000 	C:\WINDOWS\System32\WINMMBASE.dll
0x00007ffa16190000 - 0x00007ffa161d2000 	C:\WINDOWS\System32\cfgmgr32.dll
0x00007ffa172b0000 - 0x00007ffa172b8000 	C:\WINDOWS\System32\PSAPI.DLL
0x00007ffa06510000 - 0x00007ffa06519000 	C:\WINDOWS\SYSTEM32\WSOCK32.dll
0x00007ffa19490000 - 0x00007ffa194fa000 	C:\WINDOWS\System32\WS2_32.dll
0x00007ffa10490000 - 0x00007ffa1049a000 	C:\WINDOWS\SYSTEM32\VERSION.dll
0x00007ffa13e80000 - 0x00007ffa13e8f000 	D:\Android\android studio\jre\jre\bin\verify.dll
0x00007ffa0e750000 - 0x00007ffa0e779000 	D:\Android\android studio\jre\jre\bin\java.dll
0x00007ffa0b320000 - 0x00007ffa0b336000 	D:\Android\android studio\jre\jre\bin\zip.dll

VM Arguments:
jvm_args: -Djava.awt.headless=true -Xmx1024M -Dfile.encoding=GBK -Duser.country=CN -Duser.language=zh -Duser.variant 
java_command: com.android.dx.command.Main --dex --num-threads=4 --output D:\AndroidProject\and-nd-firebase\app\build\intermediates\pre-dexed\debug\com.android.support-support-media-compat-24.2.0_bbb3db34713d69443c12511bbff9816849e9367e.jar D:\AndroidProject\and-nd-firebase\app\build\intermediates\exploded-aar\com.android.support\support-media-compat\24.2.0\jars\classes.jar
java_class_path (initial): D:\Android\SDK\build-tools\24.0.1\lib\dx.jar
Launcher Type: SUN_STANDARD

Environment Variables:
JAVA_HOME=D:\java 1.7
CLASSPATH=D:\java 1.7\lib;D:\java 1.7\lib\tools.jar;D:\tomcat\apache-tomcat-7.0.68\bin\bootstrap.jar;D:\tomcat\apache-tomcat-7.0.68\bin\tomcat-juli;D:\java 1.7\jre\lib
PATH=C:\ProgramData\Oracle\Java\javapath;C:\Program Files (x86)\NVIDIA Corporation\PhysX\Common;C:\Program Files (x86)\Intel\iCLS Client\;C:\Program Files\Intel\iCLS Client\;C:\WINDOWS\system32;C:\WINDOWS;C:\WINDOWS\System32\Wbem;C:\WINDOWS\System32\WindowsPowerShell\v1.0\;C:\Program Files\Intel\Intel(R) Management Engine Components\DAL;C:\Program Files (x86)\Intel\Intel(R) Management Engine Components\DAL;C:\Program Files\Intel\Intel(R) Management Engine Components\IPT;C:\Program Files (x86)\Intel\Intel(R) Management Engine Components\IPT;C:\Program Files (x86)\AOMEI Backupper 2.1;D:\java 1.7\bin;D:\java 1.7\jre\bin;D:\matlab\runtime\win64;D:\matlab\bin;D:\software\Phone\;C:\Program Files (x86)\MySQL\MySQL Server 5.1\bin;D:\maven\apache-maven-3.3.9\bin;D:\tomcat\apache-tomcat-7.0.68\bin;D:\tomcat\apache-tomcat-7.0.68\lib;D:\Git\cmd;C:\Users\asus-pc\AppData\Local\Microsoft\WindowsApps;C:\Users\asus-pc\AppData\Local\GitHubDesktop\bin;D:\Android\SDK\ndk-bundle;D:\Android\SDK\platform-tools
USERNAME=asus-pc
OS=Windows_NT
PROCESSOR_IDENTIFIER=Intel64 Family 6 Model 60 Stepping 3, GenuineIntel



---------------  S Y S T E M  ---------------

OS: Windows 10.0 , 64 bit Build 14393 (10.0.14393.1198)

CPU:total 4 (initial active 4) (2 cores per cpu, 2 threads per core) family 6 model 60 stepping 3, cmov, cx8, fxsr, mmx, sse, sse2, sse3, ssse3, sse4.1, sse4.2, popcnt, avx, avx2, aes, clmul, erms, lzcnt, ht, tsc, tscinvbit, bmi1, bmi2

Memory: 4k page, physical 8274928k(2520364k free), swap 10226672k(5704k free)

vm_info: OpenJDK 64-Bit Server VM (25.152-b01) for windows-amd64 JRE (1.8.0_152-release-915-b01), built by "builder" with MS VC++ 10.0 (VS2010)

time: Tue Nov 28 20:21:53 2017
elapsed time: 0 seconds (0d 0h 0m 0s)

