#
# There is insufficient memory for the Java Runtime Environment to continue.
# Native memory allocation (malloc) failed to allocate 219696 bytes for Chunk::new
# Possible reasons:
#   The system is out of physical RAM or swap space
#   In 32 bit mode, the process size limit was hit
# Possible solutions:
#   Reduce memory load on the system
#   Increase physical memory or swap space
#   Check if swap backing store is full
#   Use 64 bit Java on a 64 bit OS
#   Decrease Java heap size (-Xmx/-Xms)
#   Decrease number of Java threads
#   Decrease Java thread stack sizes (-Xss)
#   Set larger code cache with -XX:ReservedCodeCacheSize=
# This output file may be truncated or incomplete.
#
#  Out of Memory Error (allocation.cpp:390), pid=8008, tid=0x00000000000039ac
#
# JRE version: OpenJDK Runtime Environment (8.0_152-b01) (build 1.8.0_152-release-915-b01)
# Java VM: OpenJDK 64-Bit Server VM (25.152-b01 mixed mode windows-amd64 compressed oops)
# Failed to write core dump. Minidumps are not enabled by default on client versions of Windows
#

---------------  T H R E A D  ---------------

Current thread (0x00000000168f9000):  JavaThread "C2 CompilerThread1" daemon [_thread_in_native, id=14764, stack(0x0000000016ff0000,0x00000000170f0000)]

Stack: [0x0000000016ff0000,0x00000000170f0000]
[error occurred during error reporting (printing stack bounds), id 0xc0000005]

Native frames: (J=compiled Java code, j=interpreted, Vv=VM code, C=native code)


Current CompileTask:
C2:   2041 1307       4       com.android.dx.ssa.SsaRenamer$BlockRenamer::visitNonMoveInsn (14 bytes)


---------------  P R O C E S S  ---------------

Java Threads: ( => current thread )
  0x0000000016b6d800 JavaThread "pool-1-thread-4" [_thread_blocked, id=14480, stack(0x00000000177f0000,0x00000000178f0000)]
  0x0000000016b67000 JavaThread "pool-1-thread-3" [_thread_blocked, id=15116, stack(0x00000000176f0000,0x00000000177f0000)]
  0x0000000016ae0800 JavaThread "pool-1-thread-2" [_thread_blocked, id=2736, stack(0x00000000175f0000,0x00000000176f0000)]
  0x0000000016ad7800 JavaThread "pool-2-thread-1" [_thread_blocked, id=5888, stack(0x00000000174f0000,0x00000000175f0000)]
  0x0000000016ad7000 JavaThread "pool-1-thread-1" [_thread_blocked, id=4800, stack(0x00000000173f0000,0x00000000174f0000)]
  0x0000000016950800 JavaThread "Service Thread" daemon [_thread_blocked, id=8800, stack(0x00000000171f0000,0x00000000172f0000)]
  0x000000001694b000 JavaThread "C1 CompilerThread2" daemon [_thread_blocked, id=7720, stack(0x00000000170f0000,0x00000000171f0000)]
=>0x00000000168f9000 JavaThread "C2 CompilerThread1" daemon [_thread_in_native, id=14764, stack(0x0000000016ff0000,0x00000000170f0000)]
  0x00000000155f9000 JavaThread "C2 CompilerThread0" daemon [_thread_blocked, id=8148, stack(0x0000000016ef0000,0x0000000016ff0000)]
  0x00000000168f8800 JavaThread "Attach Listener" daemon [_thread_blocked, id=4228, stack(0x0000000016df0000,0x0000000016ef0000)]
  0x00000000155ad000 JavaThread "Signal Dispatcher" daemon [_thread_blocked, id=1856, stack(0x0000000016cf0000,0x0000000016df0000)]
  0x0000000015588800 JavaThread "Finalizer" daemon [_thread_blocked, id=11564, stack(0x00000000167f0000,0x00000000168f0000)]
  0x0000000002ec0000 JavaThread "Reference Handler" daemon [_thread_blocked, id=14016, stack(0x00000000166f0000,0x00000000167f0000)]
  0x00000000011ee800 JavaThread "main" [_thread_blocked, id=7180, stack(0x0000000002cd0000,0x0000000002dd0000)]

Other Threads:
  0x0000000015566000 VMThread [stack: 0x00000000165f0000,0x00000000166f0000] [id=4008]
  0x0000000016951800 WatcherThread [stack: 0x00000000172f0000,0x00000000173f0000] [id=9996]

VM state:at safepoint (normal execution)

VM Mutex/Monitor currently owned by a thread:  ([mutex/lock_event])
[0x00000000011ee2a0] Threads_lock - owner thread: 0x0000000015566000
[0x00000000011ede20] Heap_lock - owner thread: 0x0000000016b67000

Heap:
 PSYoungGen      total 38400K, used 33280K [0x00000000eab00000, 0x00000000ed580000, 0x0000000100000000)
  eden space 33280K, 100% used [0x00000000eab00000,0x00000000ecb80000,0x00000000ecb80000)
  from space 5120K, 0% used [0x00000000ed080000,0x00000000ed080000,0x00000000ed580000)
  to   space 5120K, 18% used [0x00000000ecb80000,0x00000000ecc69c80,0x00000000ed080000)
 ParOldGen       total 87552K, used 0K [0x00000000c0000000, 0x00000000c5580000, 0x00000000eab00000)
  object space 87552K, 0% used [0x00000000c0000000,0x00000000c0000000,0x00000000c5580000)
 Metaspace       used 6152K, capacity 7024K, committed 7296K, reserved 1056768K
  class space    used 595K, capacity 616K, committed 640K, reserved 1048576K

Card table byte_map: [0x0000000012290000,0x00000000124a0000] byte_map_base: 0x0000000011c90000

Marking Bits: (ParMarkBitMap*) 0x0000000055f63950
 Begin Bits: [0x0000000012a00000, 0x0000000013a00000)
 End Bits:   [0x0000000013a00000, 0x0000000014a00000)

Polling page: 0x00000000011d0000

CodeCache: size=245760Kb used=5307Kb max_used=5316Kb free=240452Kb
 bounds [0x0000000002ed0000, 0x0000000003410000, 0x0000000011ed0000]
 total_blobs=1580 nmethods=1310 adapters=184
 compilation: enabled

Compilation events (10 events):
Event: 2.028 Thread 0x000000001694b000 nmethod 1305 0x00000000033db750 code [0x00000000033db8a0, 0x00000000033db9f0]
Event: 2.028 Thread 0x000000001694b000 1306       3       com.android.dx.rop.code.BasicBlockList$RegCountVisitor::visitThrowingInsn (6 bytes)
Event: 2.028 Thread 0x000000001694b000 nmethod 1306 0x00000000033e0910 code [0x00000000033e0a80, 0x00000000033e0c08]
Event: 2.029 Thread 0x00000000155f9000 1308       4       com.android.dx.ssa.MoveParamCombiner$1::visitNonMoveInsn (213 bytes)
Event: 2.034 Thread 0x00000000155f9000 nmethod 1308 0x0000000003405a10 code [0x0000000003405b60, 0x0000000003405cf8]
Event: 2.035 Thread 0x00000000155f9000 1309       4       com.android.dx.ssa.SsaMethod$1::visitNonMoveInsn (26 bytes)
Event: 2.035 Thread 0x000000001694b000 1312       3       com.android.dx.rop.cst.CstKnownNull::equals (5 bytes)
Event: 2.035 Thread 0x000000001694b000 nmethod 1312 0x00000000033fe890 code [0x00000000033fe9e0, 0x00000000033fec30]
Event: 2.036 Thread 0x00000000155f9000 nmethod 1309 0x00000000033ebf10 code [0x00000000033ec060, 0x00000000033ec158]
Event: 2.036 Thread 0x00000000155f9000 1311       4       com.android.dx.ssa.SCCP::simulateBranch (666 bytes)

GC Heap History (0 events):
No events

Deoptimization events (10 events):
Event: 1.105 Thread 0x0000000016ae0800 Uncommon trap: reason=class_check action=maybe_recompile pc=0x00000000031469f0 method=com.android.dx.ssa.NormalSsaInsn.accept(Lcom/android/dx/ssa/SsaInsn$Visitor;)V @ 9
Event: 1.112 Thread 0x00000000011ee800 Uncommon trap: reason=unstable_if action=reinterpret pc=0x000000000310c934 method=java.util.BitSet.ensureCapacity(I)V @ 6
Event: 1.112 Thread 0x00000000011ee800 Uncommon trap: reason=unstable_if action=reinterpret pc=0x00000000030b8a30 method=java.util.BitSet.nextSetBit(I)I @ 87
Event: 1.236 Thread 0x0000000016ad7000 Uncommon trap: reason=class_check action=maybe_recompile pc=0x00000000031469f0 method=com.android.dx.ssa.NormalSsaInsn.accept(Lcom/android/dx/ssa/SsaInsn$Visitor;)V @ 9
Event: 1.237 Thread 0x0000000016ad7000 Uncommon trap: reason=class_check action=maybe_recompile pc=0x00000000031469f0 method=com.android.dx.ssa.NormalSsaInsn.accept(Lcom/android/dx/ssa/SsaInsn$Visitor;)V @ 9
Event: 1.237 Thread 0x0000000016ad7000 Uncommon trap: reason=class_check action=maybe_recompile pc=0x00000000031469f0 method=com.android.dx.ssa.NormalSsaInsn.accept(Lcom/android/dx/ssa/SsaInsn$Visitor;)V @ 9
Event: 1.237 Thread 0x0000000016ad7000 Uncommon trap: reason=class_check action=maybe_recompile pc=0x00000000031097f0 method=com.android.dx.ssa.NormalSsaInsn.accept(Lcom/android/dx/ssa/SsaInsn$Visitor;)V @ 9
Event: 1.687 Thread 0x0000000016b6d800 Uncommon trap: reason=unstable_if action=reinterpret pc=0x000000000317c5dc method=com.android.dx.rop.cst.Constant.compareTo(Lcom/android/dx/rop/cst/Constant;)I @ 12
Event: 1.697 Thread 0x0000000016b6d800 Uncommon trap: reason=bimorphic action=maybe_recompile pc=0x00000000030b82ac method=java.util.HashMap.getNode(ILjava/lang/Object;)Ljava/util/HashMap$Node; @ 126
Event: 1.697 Thread 0x0000000016b6d800 Uncommon trap: reason=class_check action=maybe_recompile pc=0x0000000003349758 method=java.util.HashMap.putVal(ILjava/lang/Object;Ljava/lang/Object;ZZ)Ljava/lang/Object; @ 203

Classes redefined (0 events):
No events

Internal exceptions (2 events):
Event: 0.209 Thread 0x00000000011ee800 Exception <a 'java/lang/NoSuchMethodError': Method sun.misc.Unsafe.defineClass(Ljava/lang/String;[BII)Ljava/lang/Class; name or signature does not match> (0x00000000eab07ca8) thrown at [D:\src\AOSP-openjdk-cygwin\jdk8u\hotspot\src\share\vm\prims\jni.cpp, 
Event: 0.209 Thread 0x00000000011ee800 Exception <a 'java/lang/NoSuchMethodError': Method sun.misc.Unsafe.prefetchRead(Ljava/lang/Object;J)V name or signature does not match> (0x00000000eab07f90) thrown at [D:\src\AOSP-openjdk-cygwin\jdk8u\hotspot\src\share\vm\prims\jni.cpp, line 4011]

Events (10 events):
Event: 1.634 Executing VM operation: ForceSafepoint done
Event: 1.687 Thread 0x0000000016b6d800 Uncommon trap: trap_request=0xffffff65 fr.pc=0x000000000317c5dc
Event: 1.687 Thread 0x0000000016b6d800 DEOPT PACKING pc=0x000000000317c5dc sp=0x00000000178ee940
Event: 1.687 Thread 0x0000000016b6d800 DEOPT UNPACKING pc=0x0000000002f1556a sp=0x00000000178ee8e0 mode 2
Event: 1.697 Thread 0x0000000016b6d800 Uncommon trap: trap_request=0xffffffc6 fr.pc=0x00000000030b82ac
Event: 1.697 Thread 0x0000000016b6d800 DEOPT PACKING pc=0x00000000030b82ac sp=0x00000000178eec40
Event: 1.697 Thread 0x0000000016b6d800 DEOPT UNPACKING pc=0x0000000002f1556a sp=0x00000000178eebb0 mode 2
Event: 1.697 Thread 0x0000000016b6d800 Uncommon trap: trap_request=0xffffffde fr.pc=0x0000000003349758
Event: 1.697 Thread 0x0000000016b6d800 DEOPT PACKING pc=0x0000000003349758 sp=0x00000000178eec00
Event: 1.697 Thread 0x0000000016b6d800 DEOPT UNPACKING pc=0x0000000002f1556a sp=0x00000000178eeb88 mode 2


Dynamic libraries:
0x00007ff647c00000 - 0x00007ff647c31000 	D:\Android\android studio\jre\bin\java.exe
0x00007ffa19c00000 - 0x00007ffa19dd2000 	C:\WINDOWS\SYSTEM32\ntdll.dll
0x00007ffa19560000 - 0x00007ffa1960c000 	C:\WINDOWS\System32\KERNEL32.DLL
0x00007ffa16210000 - 0x00007ffa1642d000 	C:\WINDOWS\System32\KERNELBASE.dll
0x00007ffa19610000 - 0x00007ffa196b2000 	C:\WINDOWS\System32\ADVAPI32.dll
0x00007ffa19960000 - 0x00007ffa199fe000 	C:\WINDOWS\System32\msvcrt.dll
0x00007ffa18ea0000 - 0x00007ffa18ef9000 	C:\WINDOWS\System32\sechost.dll
0x00007ffa19830000 - 0x00007ffa19951000 	C:\WINDOWS\System32\RPCRT4.dll
0x00007ffa196c0000 - 0x00007ffa19825000 	C:\WINDOWS\System32\USER32.dll
0x00007ffa16e90000 - 0x00007ffa16eae000 	C:\WINDOWS\System32\win32u.dll
0x00007ffa175d0000 - 0x00007ffa17604000 	C:\WINDOWS\System32\GDI32.dll
0x00007ffa15fa0000 - 0x00007ffa16120000 	C:\WINDOWS\System32\gdi32full.dll
0x00007ffa0c630000 - 0x00007ffa0c8aa000 	C:\WINDOWS\WinSxS\amd64_microsoft.windows.common-controls_6595b64144ccf1df_6.0.14393.953_none_42151e83c686086b\COMCTL32.dll
0x00007ffa16fd0000 - 0x00007ffa17298000 	C:\WINDOWS\System32\combase.dll
0x00007ffa16d90000 - 0x00007ffa16e85000 	C:\WINDOWS\System32\ucrtbase.dll
0x00007ffa16120000 - 0x00007ffa1618a000 	C:\WINDOWS\System32\bcryptPrimitives.dll
0x00007ffa175a0000 - 0x00007ffa175ce000 	C:\WINDOWS\System32\IMM32.DLL
0x00000000556c0000 - 0x0000000055792000 	D:\Android\android studio\jre\jre\bin\msvcr100.dll
0x00000000557a0000 - 0x0000000055fde000 	D:\Android\android studio\jre\jre\bin\server\jvm.dll
0x00007ffa161e0000 - 0x00007ffa16203000 	C:\WINDOWS\System32\WINMM.dll
0x00007ffa15e40000 - 0x00007ffa15e6b000 	C:\WINDOWS\System32\WINMMBASE.dll
0x00007ffa16190000 - 0x00007ffa161d2000 	C:\WINDOWS\System32\cfgmgr32.dll
0x00007ffa172b0000 - 0x00007ffa172b8000 	C:\WINDOWS\System32\PSAPI.DLL
0x00007ffa06510000 - 0x00007ffa06519000 	C:\WINDOWS\SYSTEM32\WSOCK32.dll
0x00007ffa19490000 - 0x00007ffa194fa000 	C:\WINDOWS\System32\WS2_32.dll
0x00007ffa10490000 - 0x00007ffa1049a000 	C:\WINDOWS\SYSTEM32\VERSION.dll
0x00007ffa13e80000 - 0x00007ffa13e8f000 	D:\Android\android studio\jre\jre\bin\verify.dll
0x00007ffa0e750000 - 0x00007ffa0e779000 	D:\Android\android studio\jre\jre\bin\java.dll
0x00007ffa0b320000 - 0x00007ffa0b336000 	D:\Android\android studio\jre\jre\bin\zip.dll
0x00007ffa17610000 - 0x00007ffa18b18000 	C:\WINDOWS\System32\SHELL32.dll
0x00007ffa16430000 - 0x00007ffa16b08000 	C:\WINDOWS\System32\windows.storage.dll
0x00007ffa15f50000 - 0x00007ffa15f9c000 	C:\WINDOWS\System32\powrprof.dll
0x00007ffa19a00000 - 0x00007ffa19a52000 	C:\WINDOWS\System32\shlwapi.dll
0x00007ffa15ea0000 - 0x00007ffa15eaf000 	C:\WINDOWS\System32\kernel.appcore.dll
0x00007ffa16f10000 - 0x00007ffa16fb9000 	C:\WINDOWS\System32\shcore.dll
0x00007ffa15e70000 - 0x00007ffa15e84000 	C:\WINDOWS\System32\profapi.dll

VM Arguments:
jvm_args: -Djava.awt.headless=true -Xmx1024M -Dfile.encoding=GBK -Duser.country=CN -Duser.language=zh -Duser.variant 
java_command: com.android.dx.command.Main --dex --num-threads=4 --output D:\AndroidProject\and-nd-firebase\app\build\intermediates\pre-dexed\debug\com.android.support-support-core-utils-24.2.0_3c8e3a063b6d930fd1a32588da92c6d66666e255.jar D:\AndroidProject\and-nd-firebase\app\build\intermediates\exploded-aar\com.android.support\support-core-utils\24.2.0\jars\classes.jar
java_class_path (initial): D:\Android\SDK\build-tools\24.0.1\lib\dx.jar
Launcher Type: SUN_STANDARD

Environment Variables:
JAVA_HOME=D:\java 1.7
CLASSPATH=D:\java 1.7\lib;D:\java 1.7\lib\tools.jar;D:\tomcat\apache-tomcat-7.0.68\bin\bootstrap.jar;D:\tomcat\apache-tomcat-7.0.68\bin\tomcat-juli;D:\java 1.7\jre\lib
PATH=C:\ProgramData\Oracle\Java\javapath;C:\Program Files (x86)\NVIDIA Corporation\PhysX\Common;C:\Program Files (x86)\Intel\iCLS Client\;C:\Program Files\Intel\iCLS Client\;C:\WINDOWS\system32;C:\WINDOWS;C:\WINDOWS\System32\Wbem;C:\WINDOWS\System32\WindowsPowerShell\v1.0\;C:\Program Files\Intel\Intel(R) Management Engine Components\DAL;C:\Program Files (x86)\Intel\Intel(R) Management Engine Components\DAL;C:\Program Files\Intel\Intel(R) Management Engine Components\IPT;C:\Program Files (x86)\Intel\Intel(R) Management Engine Components\IPT;C:\Program Files (x86)\AOMEI Backupper 2.1;D:\java 1.7\bin;D:\java 1.7\jre\bin;D:\matlab\runtime\win64;D:\matlab\bin;D:\software\Phone\;C:\Program Files (x86)\MySQL\MySQL Server 5.1\bin;D:\maven\apache-maven-3.3.9\bin;D:\tomcat\apache-tomcat-7.0.68\bin;D:\tomcat\apache-tomcat-7.0.68\lib;D:\Git\cmd;C:\Users\asus-pc\AppData\Local\Microsoft\WindowsApps;C:\Users\asus-pc\AppData\Local\GitHubDesktop\bin;D:\Android\SDK\ndk-bundle;D:\Android\SDK\platform-tools
USERNAME=asus-pc
OS=Windows_NT
PROCESSOR_IDENTIFIER=Intel64 Family 6 Model 60 Stepping 3, GenuineIntel



---------------  S Y S T E M  ---------------

OS: Windows 10.0 , 64 bit Build 14393 (10.0.14393.1198)

CPU:total 4 (initial active 4) (2 cores per cpu, 2 threads per core) family 6 model 60 stepping 3, cmov, cx8, fxsr, mmx, sse, sse2, sse3, ssse3, sse4.1, sse4.2, popcnt, avx, avx2, aes, clmul, erms, lzcnt, ht, tsc, tscinvbit, bmi1, bmi2

Memory: 4k page, physical 8274928k(1536012k free), swap 10226672k(2936k free)

vm_info: OpenJDK 64-Bit Server VM (25.152-b01) for windows-amd64 JRE (1.8.0_152-release-915-b01), built by "builder" with MS VC++ 10.0 (VS2010)

time: Tue Nov 28 20:07:18 2017
elapsed time: 2 seconds (0d 0h 0m 2s)

