#
# There is insufficient memory for the Java Runtime Environment to continue.
# Native memory allocation (malloc) failed to allocate 543888 bytes for Chunk::new
# Possible reasons:
#   The system is out of physical RAM or swap space
#   In 32 bit mode, the process size limit was hit
# Possible solutions:
#   Reduce memory load on the system
#   Increase physical memory or swap space
#   Check if swap backing store is full
#   Use 64 bit Java on a 64 bit OS
#   Decrease Java heap size (-Xmx/-Xms)
#   Decrease number of Java threads
#   Decrease Java thread stack sizes (-Xss)
#   Set larger code cache with -XX:ReservedCodeCacheSize=
# This output file may be truncated or incomplete.
#
#  Out of Memory Error (allocation.cpp:390), pid=13340, tid=0x0000000000002be4
#
# JRE version: OpenJDK Runtime Environment (8.0_152-b01) (build 1.8.0_152-release-915-b01)
# Java VM: OpenJDK 64-Bit Server VM (25.152-b01 mixed mode windows-amd64 compressed oops)
# Failed to write core dump. Minidumps are not enabled by default on client versions of Windows
#

---------------  T H R E A D  ---------------

Current thread (0x000000001700f800):  JavaThread "C2 CompilerThread1" daemon [_thread_in_native, id=11236, stack(0x00000000176c0000,0x00000000177c0000)]

Stack: [0x00000000176c0000,0x00000000177c0000]
[error occurred during error reporting (printing stack bounds), id 0xc0000005]

Native frames: (J=compiled Java code, j=interpreted, Vv=VM code, C=native code)


Current CompileTask:
C2:   1802 1037   !   4       com.android.dx.cf.code.BytecodeArray::parseInstruction (2764 bytes)


---------------  P R O C E S S  ---------------

Java Threads: ( => current thread )
  0x0000000017278800 JavaThread "pool-1-thread-4" [_thread_blocked, id=8084, stack(0x0000000017ec0000,0x0000000017fc0000)]
  0x0000000017277800 JavaThread "pool-1-thread-3" [_thread_blocked, id=10408, stack(0x0000000017dc0000,0x0000000017ec0000)]
  0x0000000017276800 JavaThread "pool-1-thread-2" [_thread_in_Java, id=6996, stack(0x0000000017cc0000,0x0000000017dc0000)]
  0x0000000017273800 JavaThread "pool-2-thread-1" [_thread_blocked, id=14512, stack(0x0000000017bc0000,0x0000000017cc0000)]
  0x0000000017272800 JavaThread "pool-1-thread-1" [_thread_blocked, id=14932, stack(0x0000000017ac0000,0x0000000017bc0000)]
  0x0000000017026000 JavaThread "Service Thread" daemon [_thread_blocked, id=4048, stack(0x00000000178c0000,0x00000000179c0000)]
  0x0000000017021800 JavaThread "C1 CompilerThread2" daemon [_thread_blocked, id=13524, stack(0x00000000177c0000,0x00000000178c0000)]
=>0x000000001700f800 JavaThread "C2 CompilerThread1" daemon [_thread_in_native, id=11236, stack(0x00000000176c0000,0x00000000177c0000)]
  0x0000000015cb9000 JavaThread "C2 CompilerThread0" daemon [_thread_in_native, id=10828, stack(0x00000000175c0000,0x00000000176c0000)]
  0x0000000016fc8800 JavaThread "Attach Listener" daemon [_thread_blocked, id=3420, stack(0x00000000174c0000,0x00000000175c0000)]
  0x0000000015c6d000 JavaThread "Signal Dispatcher" daemon [_thread_blocked, id=11592, stack(0x00000000173c0000,0x00000000174c0000)]
  0x0000000015c48800 JavaThread "Finalizer" daemon [_thread_blocked, id=908, stack(0x0000000016ec0000,0x0000000016fc0000)]
  0x0000000003580000 JavaThread "Reference Handler" daemon [_thread_blocked, id=12508, stack(0x0000000016dc0000,0x0000000016ec0000)]
  0x000000000348e800 JavaThread "main" [_thread_in_vm, id=2232, stack(0x0000000003320000,0x0000000003420000)]

Other Threads:
  0x0000000015c26000 VMThread [stack: 0x0000000016cc0000,0x0000000016dc0000] [id=5868]
  0x0000000017027000 WatcherThread [stack: 0x00000000179c0000,0x0000000017ac0000] [id=14876]

VM state:not at safepoint (normal execution)

VM Mutex/Monitor currently owned by a thread:  ([mutex/lock_event])
[0x00000000034900d0] MethodData_lock - owner thread: 0x0000000000000000

Heap:
 PSYoungGen      total 38400K, used 29574K [0x00000000eab00000, 0x00000000ed580000, 0x0000000100000000)
  eden space 33280K, 88% used [0x00000000eab00000,0x00000000ec7e18d8,0x00000000ecb80000)
  from space 5120K, 0% used [0x00000000ed080000,0x00000000ed080000,0x00000000ed580000)
  to   space 5120K, 0% used [0x00000000ecb80000,0x00000000ecb80000,0x00000000ed080000)
 ParOldGen       total 87552K, used 0K [0x00000000c0000000, 0x00000000c5580000, 0x00000000eab00000)
  object space 87552K, 0% used [0x00000000c0000000,0x00000000c0000000,0x00000000c5580000)
 Metaspace       used 5984K, capacity 6832K, committed 7040K, reserved 1056768K
  class space    used 590K, capacity 616K, committed 640K, reserved 1048576K

Card table byte_map: [0x0000000012950000,0x0000000012b60000] byte_map_base: 0x0000000012350000

Marking Bits: (ParMarkBitMap*) 0x0000000055f63950
 Begin Bits: [0x00000000130c0000, 0x00000000140c0000)
 End Bits:   [0x00000000140c0000, 0x00000000150c0000)

Polling page: 0x00000000017e0000

CodeCache: size=245760Kb used=4467Kb max_used=4467Kb free=241292Kb
 bounds [0x0000000003590000, 0x0000000003a00000, 0x0000000012590000]
 total_blobs=1378 nmethods=1109 adapters=183
 compilation: enabled

Compilation events (10 events):
Event: 1.748 Thread 0x0000000017021800 1112       3       com.android.dx.dex.file.OffsettedItem::<init> (44 bytes)
Event: 1.749 Thread 0x0000000017021800 nmethod 1112 0x00000000039eda50 code [0x00000000039edc00, 0x00000000039ee0d8]
Event: 1.749 Thread 0x0000000017021800 1116       3       com.android.dx.dex.file.IndexedItem::<init> (10 bytes)
Event: 1.749 Thread 0x0000000017021800 nmethod 1116 0x00000000039ee2d0 code [0x00000000039ee440, 0x00000000039ee650]
Event: 1.749 Thread 0x0000000017021800 1109       3       com.android.dx.ssa.SsaMethod::onSourceChanged (65 bytes)
Event: 1.749 Thread 0x0000000017021800 nmethod 1109 0x00000000039ee750 code [0x00000000039ee920, 0x00000000039ef198]
Event: 1.749 Thread 0x0000000017021800 1117       3       com.android.dx.rop.cst.CstNat::isInstanceInit (13 bytes)
Event: 1.749 Thread 0x0000000017021800 nmethod 1117 0x00000000039ef690 code [0x00000000039ef800, 0x00000000039efac8]
Event: 1.785 Thread 0x0000000017021800 1118       3       com.android.dx.rop.code.Rops::opGetField (97 bytes)
Event: 1.786 Thread 0x0000000017021800 nmethod 1118 0x00000000039efb90 code [0x00000000039efdc0, 0x00000000039f0a38]

GC Heap History (0 events):
No events

Deoptimization events (8 events):
Event: 0.681 Thread 0x0000000017276800 Uncommon trap: reason=unstable_if action=reinterpret pc=0x00000000037ba444 method=java.util.HashMap.getNode(ILjava/lang/Object;)Ljava/util/HashMap$Node; @ 129
Event: 0.910 Thread 0x0000000017277800 Uncommon trap: reason=class_check action=maybe_recompile pc=0x0000000003814f7c method=com.android.dx.ssa.NormalSsaInsn.accept(Lcom/android/dx/ssa/SsaInsn$Visitor;)V @ 9
Event: 0.917 Thread 0x0000000017272800 Uncommon trap: reason=class_check action=maybe_recompile pc=0x0000000003814f7c method=com.android.dx.ssa.NormalSsaInsn.accept(Lcom/android/dx/ssa/SsaInsn$Visitor;)V @ 9
Event: 0.917 Thread 0x0000000017272800 Uncommon trap: reason=class_check action=maybe_recompile pc=0x0000000003814f7c method=com.android.dx.ssa.NormalSsaInsn.accept(Lcom/android/dx/ssa/SsaInsn$Visitor;)V @ 9
Event: 0.917 Thread 0x0000000017272800 Uncommon trap: reason=class_check action=maybe_recompile pc=0x0000000003814f7c method=com.android.dx.ssa.NormalSsaInsn.accept(Lcom/android/dx/ssa/SsaInsn$Visitor;)V @ 9
Event: 1.174 Thread 0x000000000348e800 Uncommon trap: reason=unstable_if action=reinterpret pc=0x00000000038ae798 method=com.android.dx.rop.code.RegisterSpec.equals(ILcom/android/dx/rop/type/TypeBearer;Lcom/android/dx/rop/code/LocalItem;)Z @ 16
Event: 1.174 Thread 0x000000000348e800 Uncommon trap: reason=unstable_if action=reinterpret pc=0x0000000003813080 method=com.android.dx.rop.code.RegisterSpec.equals(ILcom/android/dx/rop/type/TypeBearer;Lcom/android/dx/rop/code/LocalItem;)Z @ 16
Event: 1.176 Thread 0x000000000348e800 Uncommon trap: reason=unstable_if action=reinterpret pc=0x00000000038679e0 method=com.android.dx.rop.code.RegisterSpec.equals(ILcom/android/dx/rop/type/TypeBearer;Lcom/android/dx/rop/code/LocalItem;)Z @ 16

Classes redefined (0 events):
No events

Internal exceptions (2 events):
Event: 0.099 Thread 0x000000000348e800 Exception <a 'java/lang/NoSuchMethodError': Method sun.misc.Unsafe.defineClass(Ljava/lang/String;[BII)Ljava/lang/Class; name or signature does not match> (0x00000000eab07ca8) thrown at [D:\src\AOSP-openjdk-cygwin\jdk8u\hotspot\src\share\vm\prims\jni.cpp, 
Event: 0.099 Thread 0x000000000348e800 Exception <a 'java/lang/NoSuchMethodError': Method sun.misc.Unsafe.prefetchRead(Ljava/lang/Object;J)V name or signature does not match> (0x00000000eab07f90) thrown at [D:\src\AOSP-openjdk-cygwin\jdk8u\hotspot\src\share\vm\prims\jni.cpp, line 4011]

Events (10 events):
Event: 1.174 loading class java/util/HashMap$ValueIterator done
Event: 1.174 Thread 0x000000000348e800 Uncommon trap: trap_request=0xffffff65 fr.pc=0x00000000038ae798
Event: 1.174 Thread 0x000000000348e800 DEOPT PACKING pc=0x00000000038ae798 sp=0x000000000341e240
Event: 1.174 Thread 0x000000000348e800 DEOPT UNPACKING pc=0x00000000035d556a sp=0x000000000341dfc8 mode 2
Event: 1.174 Thread 0x000000000348e800 Uncommon trap: trap_request=0xffffff65 fr.pc=0x0000000003813080
Event: 1.174 Thread 0x000000000348e800 DEOPT PACKING pc=0x0000000003813080 sp=0x000000000341e050
Event: 1.174 Thread 0x000000000348e800 DEOPT UNPACKING pc=0x00000000035d556a sp=0x000000000341dfe8 mode 2
Event: 1.176 Thread 0x000000000348e800 Uncommon trap: trap_request=0xffffff65 fr.pc=0x00000000038679e0
Event: 1.176 Thread 0x000000000348e800 DEOPT PACKING pc=0x00000000038679e0 sp=0x000000000341df90
Event: 1.176 Thread 0x000000000348e800 DEOPT UNPACKING pc=0x00000000035d556a sp=0x000000000341deb8 mode 2


Dynamic libraries:
0x00007ff647c00000 - 0x00007ff647c31000 	D:\Android\android studio\jre\bin\java.exe
0x00007ffa19c00000 - 0x00007ffa19dd2000 	C:\WINDOWS\SYSTEM32\ntdll.dll
0x00007ffa19560000 - 0x00007ffa1960c000 	C:\WINDOWS\System32\KERNEL32.DLL
0x00007ffa16210000 - 0x00007ffa1642d000 	C:\WINDOWS\System32\KERNELBASE.dll
0x00007ffa19610000 - 0x00007ffa196b2000 	C:\WINDOWS\System32\ADVAPI32.dll
0x00007ffa19960000 - 0x00007ffa199fe000 	C:\WINDOWS\System32\msvcrt.dll
0x00007ffa18ea0000 - 0x00007ffa18ef9000 	C:\WINDOWS\System32\sechost.dll
0x00007ffa19830000 - 0x00007ffa19951000 	C:\WINDOWS\System32\RPCRT4.dll
0x00007ffa196c0000 - 0x00007ffa19825000 	C:\WINDOWS\System32\USER32.dll
0x00007ffa16e90000 - 0x00007ffa16eae000 	C:\WINDOWS\System32\win32u.dll
0x00007ffa175d0000 - 0x00007ffa17604000 	C:\WINDOWS\System32\GDI32.dll
0x00007ffa15fa0000 - 0x00007ffa16120000 	C:\WINDOWS\System32\gdi32full.dll
0x00007ffa0c630000 - 0x00007ffa0c8aa000 	C:\WINDOWS\WinSxS\amd64_microsoft.windows.common-controls_6595b64144ccf1df_6.0.14393.953_none_42151e83c686086b\COMCTL32.dll
0x00007ffa16fd0000 - 0x00007ffa17298000 	C:\WINDOWS\System32\combase.dll
0x00007ffa16d90000 - 0x00007ffa16e85000 	C:\WINDOWS\System32\ucrtbase.dll
0x00007ffa16120000 - 0x00007ffa1618a000 	C:\WINDOWS\System32\bcryptPrimitives.dll
0x00007ffa175a0000 - 0x00007ffa175ce000 	C:\WINDOWS\System32\IMM32.DLL
0x00000000556c0000 - 0x0000000055792000 	D:\Android\android studio\jre\jre\bin\msvcr100.dll
0x00000000557a0000 - 0x0000000055fde000 	D:\Android\android studio\jre\jre\bin\server\jvm.dll
0x00007ffa161e0000 - 0x00007ffa16203000 	C:\WINDOWS\System32\WINMM.dll
0x00007ffa15e40000 - 0x00007ffa15e6b000 	C:\WINDOWS\System32\WINMMBASE.dll
0x00007ffa16190000 - 0x00007ffa161d2000 	C:\WINDOWS\System32\cfgmgr32.dll
0x00007ffa172b0000 - 0x00007ffa172b8000 	C:\WINDOWS\System32\PSAPI.DLL
0x00007ffa06510000 - 0x00007ffa06519000 	C:\WINDOWS\SYSTEM32\WSOCK32.dll
0x00007ffa19490000 - 0x00007ffa194fa000 	C:\WINDOWS\System32\WS2_32.dll
0x00007ffa10490000 - 0x00007ffa1049a000 	C:\WINDOWS\SYSTEM32\VERSION.dll
0x00007ffa13e80000 - 0x00007ffa13e8f000 	D:\Android\android studio\jre\jre\bin\verify.dll
0x00007ffa0e750000 - 0x00007ffa0e779000 	D:\Android\android studio\jre\jre\bin\java.dll
0x00007ffa0b320000 - 0x00007ffa0b336000 	D:\Android\android studio\jre\jre\bin\zip.dll
0x00007ffa17610000 - 0x00007ffa18b18000 	C:\WINDOWS\System32\SHELL32.dll
0x00007ffa16430000 - 0x00007ffa16b08000 	C:\WINDOWS\System32\windows.storage.dll
0x00007ffa15f50000 - 0x00007ffa15f9c000 	C:\WINDOWS\System32\powrprof.dll
0x00007ffa19a00000 - 0x00007ffa19a52000 	C:\WINDOWS\System32\shlwapi.dll
0x00007ffa15ea0000 - 0x00007ffa15eaf000 	C:\WINDOWS\System32\kernel.appcore.dll
0x00007ffa16f10000 - 0x00007ffa16fb9000 	C:\WINDOWS\System32\shcore.dll
0x00007ffa15e70000 - 0x00007ffa15e84000 	C:\WINDOWS\System32\profapi.dll

VM Arguments:
jvm_args: -Djava.awt.headless=true -Xmx1024M -Dfile.encoding=GBK -Duser.country=CN -Duser.language=zh -Duser.variant 
java_command: com.android.dx.command.Main --dex --num-threads=4 --output D:\AndroidProject\and-nd-firebase\app\build\intermediates\pre-dexed\debug\com.google.firebase-firebase-analytics-impl-9.0.0_22c2aefa2a60ac164f3ba2715fb8e4168c410412.jar D:\AndroidProject\and-nd-firebase\app\build\intermediates\exploded-aar\com.google.firebase\firebase-analytics-impl\9.0.0\jars\classes.jar
java_class_path (initial): D:\Android\SDK\build-tools\24.0.1\lib\dx.jar
Launcher Type: SUN_STANDARD

Environment Variables:
JAVA_HOME=D:\java 1.7
CLASSPATH=D:\java 1.7\lib;D:\java 1.7\lib\tools.jar;D:\tomcat\apache-tomcat-7.0.68\bin\bootstrap.jar;D:\tomcat\apache-tomcat-7.0.68\bin\tomcat-juli;D:\java 1.7\jre\lib
PATH=C:\ProgramData\Oracle\Java\javapath;C:\Program Files (x86)\NVIDIA Corporation\PhysX\Common;C:\Program Files (x86)\Intel\iCLS Client\;C:\Program Files\Intel\iCLS Client\;C:\WINDOWS\system32;C:\WINDOWS;C:\WINDOWS\System32\Wbem;C:\WINDOWS\System32\WindowsPowerShell\v1.0\;C:\Program Files\Intel\Intel(R) Management Engine Components\DAL;C:\Program Files (x86)\Intel\Intel(R) Management Engine Components\DAL;C:\Program Files\Intel\Intel(R) Management Engine Components\IPT;C:\Program Files (x86)\Intel\Intel(R) Management Engine Components\IPT;C:\Program Files (x86)\AOMEI Backupper 2.1;D:\java 1.7\bin;D:\java 1.7\jre\bin;D:\matlab\runtime\win64;D:\matlab\bin;D:\software\Phone\;C:\Program Files (x86)\MySQL\MySQL Server 5.1\bin;D:\maven\apache-maven-3.3.9\bin;D:\tomcat\apache-tomcat-7.0.68\bin;D:\tomcat\apache-tomcat-7.0.68\lib;D:\Git\cmd;C:\Users\asus-pc\AppData\Local\Microsoft\WindowsApps;C:\Users\asus-pc\AppData\Local\GitHubDesktop\bin;D:\Android\SDK\ndk-bundle;D:\Android\SDK\platform-tools
USERNAME=asus-pc
OS=Windows_NT
PROCESSOR_IDENTIFIER=Intel64 Family 6 Model 60 Stepping 3, GenuineIntel



---------------  S Y S T E M  ---------------

OS: Windows 10.0 , 64 bit Build 14393 (10.0.14393.1198)

CPU:total 4 (initial active 4) (2 cores per cpu, 2 threads per core) family 6 model 60 stepping 3, cmov, cx8, fxsr, mmx, sse, sse2, sse3, ssse3, sse4.1, sse4.2, popcnt, avx, avx2, aes, clmul, erms, lzcnt, ht, tsc, tscinvbit, bmi1, bmi2

Memory: 4k page, physical 8274928k(1541504k free), swap 10226672k(4480k free)

vm_info: OpenJDK 64-Bit Server VM (25.152-b01) for windows-amd64 JRE (1.8.0_152-release-915-b01), built by "builder" with MS VC++ 10.0 (VS2010)

time: Tue Nov 28 20:07:18 2017
elapsed time: 1 seconds (0d 0h 0m 1s)

