#
# There is insufficient memory for the Java Runtime Environment to continue.
# Native memory allocation (malloc) failed to allocate 32744 bytes for ChunkPool::allocate
# Possible reasons:
#   The system is out of physical RAM or swap space
#   In 32 bit mode, the process size limit was hit
# Possible solutions:
#   Reduce memory load on the system
#   Increase physical memory or swap space
#   Check if swap backing store is full
#   Use 64 bit Java on a 64 bit OS
#   Decrease Java heap size (-Xmx/-Xms)
#   Decrease number of Java threads
#   Decrease Java thread stack sizes (-Xss)
#   Set larger code cache with -XX:ReservedCodeCacheSize=
# This output file may be truncated or incomplete.
#
#  Out of Memory Error (allocation.cpp:273), pid=15924, tid=0x0000000000003efc
#
# JRE version: OpenJDK Runtime Environment (8.0_152-b01) (build 1.8.0_152-release-915-b01)
# Java VM: OpenJDK 64-Bit Server VM (25.152-b01 mixed mode windows-amd64 compressed oops)
# Failed to write core dump. Minidumps are not enabled by default on client versions of Windows
#

---------------  T H R E A D  ---------------

Current thread (0x000000001632f800):  JavaThread "C2 CompilerThread1" daemon [_thread_in_native, id=16124, stack(0x00000000169e0000,0x0000000016ae0000)]

Stack: [0x00000000169e0000,0x0000000016ae0000]
[error occurred during error reporting (printing stack bounds), id 0xc0000005]

Native frames: (J=compiled Java code, j=interpreted, Vv=VM code, C=native code)


Current CompileTask:
C2:   7849 1689   !   4       com.android.dx.cf.code.BytecodeArray::parseInstruction (2764 bytes)


---------------  P R O C E S S  ---------------

Java Threads: ( => current thread )
  0x000000001656b000 JavaThread "pool-1-thread-4" [_thread_in_vm, id=16196, stack(0x00000000171e0000,0x00000000172e0000)]
  0x0000000016569800 JavaThread "pool-1-thread-3" [_thread_blocked, id=16192, stack(0x00000000170e0000,0x00000000171e0000)]
  0x0000000016568800 JavaThread "pool-1-thread-2" [_thread_blocked, id=16188, stack(0x0000000016fe0000,0x00000000170e0000)]
  0x0000000016566800 JavaThread "pool-2-thread-1" [_thread_blocked, id=16184, stack(0x0000000016ee0000,0x0000000016fe0000)]
  0x0000000016564000 JavaThread "pool-1-thread-1" [_thread_in_vm, id=16180, stack(0x0000000016de0000,0x0000000016ee0000)]
  0x000000001633e800 JavaThread "Service Thread" daemon [_thread_blocked, id=16136, stack(0x0000000016be0000,0x0000000016ce0000)]
  0x0000000016338800 JavaThread "C1 CompilerThread2" daemon [_thread_in_vm, id=16128, stack(0x0000000016ae0000,0x0000000016be0000)]
=>0x000000001632f800 JavaThread "C2 CompilerThread1" daemon [_thread_in_native, id=16124, stack(0x00000000169e0000,0x0000000016ae0000)]
  0x0000000014fe9000 JavaThread "C2 CompilerThread0" daemon [_thread_in_native, id=16120, stack(0x00000000168e0000,0x00000000169e0000)]
  0x00000000162e8800 JavaThread "Attach Listener" daemon [_thread_blocked, id=16116, stack(0x00000000167e0000,0x00000000168e0000)]
  0x0000000014f9d000 JavaThread "Signal Dispatcher" daemon [_thread_blocked, id=16112, stack(0x00000000166e0000,0x00000000167e0000)]
  0x0000000014f78800 JavaThread "Finalizer" daemon [_thread_blocked, id=16108, stack(0x00000000161e0000,0x00000000162e0000)]
  0x00000000028b0000 JavaThread "Reference Handler" daemon [_thread_blocked, id=16104, stack(0x00000000160e0000,0x00000000161e0000)]
  0x00000000027be800 JavaThread "main" [_thread_blocked, id=16040, stack(0x00000000026a0000,0x00000000027a0000)]

Other Threads:
  0x0000000014f56000 VMThread [stack: 0x0000000015fe0000,0x00000000160e0000] [id=16064]
  0x000000001633f800 WatcherThread [stack: 0x0000000016ce0000,0x0000000016de0000] [id=16140]

VM state:not at safepoint (normal execution)

VM Mutex/Monitor currently owned by a thread: None

Heap:
 PSYoungGen      total 38400K, used 18576K [0x00000000eab00000, 0x00000000ef600000, 0x0000000100000000)
  eden space 33280K, 40% used [0x00000000eab00000,0x00000000eb82a060,0x00000000ecb80000)
  from space 5120K, 99% used [0x00000000ed080000,0x00000000ed57a048,0x00000000ed580000)
  to   space 5120K, 0% used [0x00000000ecb80000,0x00000000ecb80000,0x00000000ed080000)
 ParOldGen       total 87552K, used 5206K [0x00000000c0000000, 0x00000000c5580000, 0x00000000eab00000)
  object space 87552K, 5% used [0x00000000c0000000,0x00000000c0515be8,0x00000000c5580000)
 Metaspace       used 6390K, capacity 7088K, committed 7296K, reserved 1056768K
  class space    used 596K, capacity 616K, committed 640K, reserved 1048576K

Card table byte_map: [0x0000000011c80000,0x0000000011e90000] byte_map_base: 0x0000000011680000

Marking Bits: (ParMarkBitMap*) 0x0000000055f63950
 Begin Bits: [0x00000000123f0000, 0x00000000133f0000)
 End Bits:   [0x00000000133f0000, 0x00000000143f0000)

Polling page: 0x00000000022a0000

CodeCache: size=245760Kb used=7222Kb max_used=7233Kb free=238537Kb
 bounds [0x00000000028c0000, 0x0000000002fe0000, 0x00000000118c0000]
 total_blobs=1952 nmethods=1681 adapters=184
 compilation: enabled

Compilation events (10 events):
Event: 7.666 Thread 0x000000001632f800 nmethod 1684 0x0000000002fc25d0 code [0x0000000002fc2760, 0x0000000002fc2ed8]
Event: 7.666 Thread 0x000000001632f800 1574       4       com.android.dx.rop.type.Type::isCategory2 (36 bytes)
Event: 7.667 Thread 0x000000001632f800 nmethod 1574 0x0000000002d5ee90 code [0x0000000002d5efc0, 0x0000000002d5f038]
Event: 7.805 Thread 0x000000001632f800 1686       4       java.util.TreeMap::successor (66 bytes)
Event: 7.806 Thread 0x000000001632f800 nmethod 1686 0x0000000002fc2310 code [0x0000000002fc2440, 0x0000000002fc24f8]
Event: 7.808 Thread 0x000000001632f800 1687       4       com.android.dx.dex.file.Section::throwIfPrepared (18 bytes)
Event: 7.808 Thread 0x000000001632f800 nmethod 1687 0x0000000002df8450 code [0x0000000002df8580, 0x0000000002df85f8]
Event: 7.809 Thread 0x000000001632f800 1688       4       com.android.dx.cf.iface.StdAttributeList::findFirst (44 bytes)
Event: 7.812 Thread 0x000000001632f800 nmethod 1688 0x0000000002fce610 code [0x0000000002fce760, 0x0000000002fcea38]
Event: 7.833 Thread 0x000000001632f800 1689   !   4       com.android.dx.cf.code.BytecodeArray::parseInstruction (2764 bytes)

GC Heap History (4 events):
Event: 6.205 GC heap before
{Heap before GC invocations=1 (full 0):
 PSYoungGen      total 38400K, used 33280K [0x00000000eab00000, 0x00000000ed580000, 0x0000000100000000)
  eden space 33280K, 100% used [0x00000000eab00000,0x00000000ecb80000,0x00000000ecb80000)
  from space 5120K, 0% used [0x00000000ed080000,0x00000000ed080000,0x00000000ed580000)
  to   space 5120K, 0% used [0x00000000ecb80000,0x00000000ecb80000,0x00000000ed080000)
 ParOldGen       total 87552K, used 0K [0x00000000c0000000, 0x00000000c5580000, 0x00000000eab00000)
  object space 87552K, 0% used [0x00000000c0000000,0x00000000c0000000,0x00000000c5580000)
 Metaspace       used 6175K, capacity 6960K, committed 7040K, reserved 1056768K
  class space    used 596K, capacity 616K, committed 640K, reserved 1048576K
Event: 6.245 GC heap after
Heap after GC invocations=1 (full 0):
 PSYoungGen      total 38400K, used 5100K [0x00000000eab00000, 0x00000000ed580000, 0x0000000100000000)
  eden space 33280K, 0% used [0x00000000eab00000,0x00000000eab00000,0x00000000ecb80000)
  from space 5120K, 99% used [0x00000000ecb80000,0x00000000ed07b128,0x00000000ed080000)
  to   space 5120K, 0% used [0x00000000ed080000,0x00000000ed080000,0x00000000ed580000)
 ParOldGen       total 87552K, used 909K [0x00000000c0000000, 0x00000000c5580000, 0x00000000eab00000)
  object space 87552K, 1% used [0x00000000c0000000,0x00000000c00e3610,0x00000000c5580000)
 Metaspace       used 6175K, capacity 6960K, committed 7040K, reserved 1056768K
  class space    used 596K, capacity 616K, committed 640K, reserved 1048576K
}
Event: 7.176 GC heap before
{Heap before GC invocations=2 (full 0):
 PSYoungGen      total 38400K, used 38380K [0x00000000eab00000, 0x00000000ed580000, 0x0000000100000000)
  eden space 33280K, 100% used [0x00000000eab00000,0x00000000ecb80000,0x00000000ecb80000)
  from space 5120K, 99% used [0x00000000ecb80000,0x00000000ed07b128,0x00000000ed080000)
  to   space 5120K, 0% used [0x00000000ed080000,0x00000000ed080000,0x00000000ed580000)
 ParOldGen       total 87552K, used 909K [0x00000000c0000000, 0x00000000c5580000, 0x00000000eab00000)
  object space 87552K, 1% used [0x00000000c0000000,0x00000000c00e3610,0x00000000c5580000)
 Metaspace       used 6350K, capacity 7088K, committed 7296K, reserved 1056768K
  class space    used 596K, capacity 616K, committed 640K, reserved 1048576K
Event: 7.227 GC heap after
Heap after GC invocations=2 (full 0):
 PSYoungGen      total 38400K, used 5096K [0x00000000eab00000, 0x00000000ef600000, 0x0000000100000000)
  eden space 33280K, 0% used [0x00000000eab00000,0x00000000eab00000,0x00000000ecb80000)
  from space 5120K, 99% used [0x00000000ed080000,0x00000000ed57a048,0x00000000ed580000)
  to   space 5120K, 0% used [0x00000000ecb80000,0x00000000ecb80000,0x00000000ed080000)
 ParOldGen       total 87552K, used 5206K [0x00000000c0000000, 0x00000000c5580000, 0x00000000eab00000)
  object space 87552K, 5% used [0x00000000c0000000,0x00000000c0515be8,0x00000000c5580000)
 Metaspace       used 6350K, capacity 7088K, committed 7296K, reserved 1056768K
  class space    used 596K, capacity 616K, committed 640K, reserved 1048576K
}

Deoptimization events (10 events):
Event: 5.823 Thread 0x0000000016564000 Uncommon trap: reason=class_check action=maybe_recompile pc=0x0000000002b95ab0 method=com.android.dx.ssa.NormalSsaInsn.accept(Lcom/android/dx/ssa/SsaInsn$Visitor;)V @ 9
Event: 6.131 Thread 0x0000000016569800 Uncommon trap: reason=unstable_if action=reinterpret pc=0x0000000002cc452c method=com.android.dx.rop.code.RegisterSpecSet.put(Lcom/android/dx/rop/code/RegisterSpec;)V @ 77
Event: 6.204 Thread 0x000000001656b000 Uncommon trap: reason=unstable_if action=reinterpret pc=0x0000000002d9ccac method=com.android.dx.rop.code.RegisterSpecSet.put(Lcom/android/dx/rop/code/RegisterSpec;)V @ 77
Event: 6.658 Thread 0x000000001656b000 Uncommon trap: reason=null_check action=make_not_entrant pc=0x0000000002d6ad28 method=com.android.dx.ssa.SsaRenamer.getLocalForNewReg(I)Lcom/android/dx/rop/code/LocalItem; @ 19
Event: 6.658 Thread 0x000000001656b000 Uncommon trap: reason=null_check action=make_not_entrant pc=0x0000000002d5afc8 method=com.android.dx.ssa.SsaRenamer.getLocalForNewReg(I)Lcom/android/dx/rop/code/LocalItem; @ 19
Event: 6.707 Thread 0x00000000027be800 Uncommon trap: reason=unstable_if action=reinterpret pc=0x0000000002e1f294 method=com.android.dx.cf.code.BytecodeArray.parseInstruction(ILcom/android/dx/cf/code/BytecodeArray$Visitor;)I @ 1198
Event: 7.048 Thread 0x000000001656b000 Uncommon trap: reason=unstable_if action=reinterpret pc=0x0000000002ecdd30 method=com.android.dx.ssa.SsaRenamer$BlockRenamer.visitMoveInsn(Lcom/android/dx/ssa/NormalSsaInsn;)V @ 104
Event: 7.067 Thread 0x0000000016569800 Uncommon trap: reason=unstable_if action=reinterpret pc=0x0000000002ec4ac8 method=com.android.dx.rop.code.RegisterSpecSet.localItemToSpec(Lcom/android/dx/rop/code/LocalItem;)Lcom/android/dx/rop/code/RegisterSpec; @ 35
Event: 7.074 Thread 0x0000000016569800 Uncommon trap: reason=unstable_if action=reinterpret pc=0x0000000002bfc91c method=com.android.dx.rop.cst.Constant.compareTo(Lcom/android/dx/rop/cst/Constant;)I @ 12
Event: 7.079 Thread 0x0000000016569800 Uncommon trap: reason=unstable_if action=reinterpret pc=0x0000000002ee3f64 method=com.android.dx.ssa.SsaRenamer$BlockRenamer.visitMoveInsn(Lcom/android/dx/ssa/NormalSsaInsn;)V @ 104

Classes redefined (0 events):
No events

Internal exceptions (4 events):
Event: 1.425 Thread 0x00000000027be800 Exception <a 'java/lang/NoSuchMethodError': Method sun.misc.Unsafe.defineClass(Ljava/lang/String;[BII)Ljava/lang/Class; name or signature does not match> (0x00000000eab07ca8) thrown at [D:\src\AOSP-openjdk-cygwin\jdk8u\hotspot\src\share\vm\prims\jni.cpp, 
Event: 1.425 Thread 0x00000000027be800 Exception <a 'java/lang/NoSuchMethodError': Method sun.misc.Unsafe.prefetchRead(Ljava/lang/Object;J)V name or signature does not match> (0x00000000eab07f90) thrown at [D:\src\AOSP-openjdk-cygwin\jdk8u\hotspot\src\share\vm\prims\jni.cpp, line 4011]
Event: 6.658 Thread 0x000000001656b000 Implicit null exception at 0x0000000002d69486 to 0x0000000002d6acdd
Event: 6.658 Thread 0x000000001656b000 Implicit null exception at 0x0000000002d59a2d to 0x0000000002d5af95

Events (10 events):
Event: 7.067 Thread 0x0000000016569800 DEOPT PACKING pc=0x0000000002ec4ac8 sp=0x00000000171de5e0
Event: 7.067 Thread 0x0000000016569800 DEOPT UNPACKING pc=0x000000000290556a sp=0x00000000171de538 mode 2
Event: 7.074 Thread 0x0000000016569800 Uncommon trap: trap_request=0xffffff65 fr.pc=0x0000000002bfc91c
Event: 7.074 Thread 0x0000000016569800 DEOPT PACKING pc=0x0000000002bfc91c sp=0x00000000171ddfc0
Event: 7.074 Thread 0x0000000016569800 DEOPT UNPACKING pc=0x000000000290556a sp=0x00000000171ddf60 mode 2
Event: 7.079 Thread 0x0000000016569800 Uncommon trap: trap_request=0xffffff65 fr.pc=0x0000000002ee3f64
Event: 7.079 Thread 0x0000000016569800 DEOPT PACKING pc=0x0000000002ee3f64 sp=0x00000000171de3a0
Event: 7.079 Thread 0x0000000016569800 DEOPT UNPACKING pc=0x000000000290556a sp=0x00000000171de2b8 mode 2
Event: 7.104 Executing VM operation: ParallelGCFailedAllocation
Event: 7.227 Executing VM operation: ParallelGCFailedAllocation done


Dynamic libraries:
0x00007ff647c00000 - 0x00007ff647c31000 	D:\Android\android studio\jre\bin\java.exe
0x00007ffa19c00000 - 0x00007ffa19dd2000 	C:\WINDOWS\SYSTEM32\ntdll.dll
0x00007ffa19560000 - 0x00007ffa1960c000 	C:\WINDOWS\System32\KERNEL32.DLL
0x00007ffa16210000 - 0x00007ffa1642d000 	C:\WINDOWS\System32\KERNELBASE.dll
0x00007ffa19610000 - 0x00007ffa196b2000 	C:\WINDOWS\System32\ADVAPI32.dll
0x00007ffa19960000 - 0x00007ffa199fe000 	C:\WINDOWS\System32\msvcrt.dll
0x00007ffa18ea0000 - 0x00007ffa18ef9000 	C:\WINDOWS\System32\sechost.dll
0x00007ffa19830000 - 0x00007ffa19951000 	C:\WINDOWS\System32\RPCRT4.dll
0x00007ffa196c0000 - 0x00007ffa19825000 	C:\WINDOWS\System32\USER32.dll
0x00007ffa16e90000 - 0x00007ffa16eae000 	C:\WINDOWS\System32\win32u.dll
0x00007ffa175d0000 - 0x00007ffa17604000 	C:\WINDOWS\System32\GDI32.dll
0x00007ffa15fa0000 - 0x00007ffa16120000 	C:\WINDOWS\System32\gdi32full.dll
0x00007ffa0c630000 - 0x00007ffa0c8aa000 	C:\WINDOWS\WinSxS\amd64_microsoft.windows.common-controls_6595b64144ccf1df_6.0.14393.953_none_42151e83c686086b\COMCTL32.dll
0x00007ffa16fd0000 - 0x00007ffa17298000 	C:\WINDOWS\System32\combase.dll
0x00007ffa16d90000 - 0x00007ffa16e85000 	C:\WINDOWS\System32\ucrtbase.dll
0x00007ffa16120000 - 0x00007ffa1618a000 	C:\WINDOWS\System32\bcryptPrimitives.dll
0x00007ffa175a0000 - 0x00007ffa175ce000 	C:\WINDOWS\System32\IMM32.DLL
0x00000000556c0000 - 0x0000000055792000 	D:\Android\android studio\jre\jre\bin\msvcr100.dll
0x00000000557a0000 - 0x0000000055fde000 	D:\Android\android studio\jre\jre\bin\server\jvm.dll
0x00007ffa161e0000 - 0x00007ffa16203000 	C:\WINDOWS\System32\WINMM.dll
0x00007ffa15e40000 - 0x00007ffa15e6b000 	C:\WINDOWS\System32\WINMMBASE.dll
0x00007ffa16190000 - 0x00007ffa161d2000 	C:\WINDOWS\System32\cfgmgr32.dll
0x00007ffa172b0000 - 0x00007ffa172b8000 	C:\WINDOWS\System32\PSAPI.DLL
0x00007ffa06510000 - 0x00007ffa06519000 	C:\WINDOWS\SYSTEM32\WSOCK32.dll
0x00007ffa19490000 - 0x00007ffa194fa000 	C:\WINDOWS\System32\WS2_32.dll
0x00007ffa10490000 - 0x00007ffa1049a000 	C:\WINDOWS\SYSTEM32\VERSION.dll
0x00007ffa13e80000 - 0x00007ffa13e8f000 	D:\Android\android studio\jre\jre\bin\verify.dll
0x00007ffa0e750000 - 0x00007ffa0e779000 	D:\Android\android studio\jre\jre\bin\java.dll
0x00007ffa0b320000 - 0x00007ffa0b336000 	D:\Android\android studio\jre\jre\bin\zip.dll
0x00007ffa17610000 - 0x00007ffa18b18000 	C:\WINDOWS\System32\SHELL32.dll
0x00007ffa16430000 - 0x00007ffa16b08000 	C:\WINDOWS\System32\windows.storage.dll
0x00007ffa15f50000 - 0x00007ffa15f9c000 	C:\WINDOWS\System32\powrprof.dll
0x00007ffa19a00000 - 0x00007ffa19a52000 	C:\WINDOWS\System32\shlwapi.dll
0x00007ffa15ea0000 - 0x00007ffa15eaf000 	C:\WINDOWS\System32\kernel.appcore.dll
0x00007ffa16f10000 - 0x00007ffa16fb9000 	C:\WINDOWS\System32\shcore.dll
0x00007ffa15e70000 - 0x00007ffa15e84000 	C:\WINDOWS\System32\profapi.dll

VM Arguments:
jvm_args: -Djava.awt.headless=true -Xmx1024M -Dfile.encoding=GBK -Duser.country=CN -Duser.language=zh -Duser.variant 
java_command: com.android.dx.command.Main --dex --num-threads=4 --output D:\AndroidProject\and-nd-firebase\app\build\intermediates\pre-dexed\debug\com.android.support-support-compat-24.2.0_65f8eefa7ba4b10875cf1a62741b192999f8c65e.jar D:\AndroidProject\and-nd-firebase\app\build\intermediates\exploded-aar\com.android.support\support-compat\24.2.0\jars\classes.jar
java_class_path (initial): D:\Android\SDK\build-tools\24.0.1\lib\dx.jar
Launcher Type: SUN_STANDARD

Environment Variables:
JAVA_HOME=D:\java 1.7
CLASSPATH=D:\java 1.7\lib;D:\java 1.7\lib\tools.jar;D:\tomcat\apache-tomcat-7.0.68\bin\bootstrap.jar;D:\tomcat\apache-tomcat-7.0.68\bin\tomcat-juli;D:\java 1.7\jre\lib
PATH=C:\ProgramData\Oracle\Java\javapath;C:\Program Files (x86)\NVIDIA Corporation\PhysX\Common;C:\Program Files (x86)\Intel\iCLS Client\;C:\Program Files\Intel\iCLS Client\;C:\WINDOWS\system32;C:\WINDOWS;C:\WINDOWS\System32\Wbem;C:\WINDOWS\System32\WindowsPowerShell\v1.0\;C:\Program Files\Intel\Intel(R) Management Engine Components\DAL;C:\Program Files (x86)\Intel\Intel(R) Management Engine Components\DAL;C:\Program Files\Intel\Intel(R) Management Engine Components\IPT;C:\Program Files (x86)\Intel\Intel(R) Management Engine Components\IPT;C:\Program Files (x86)\AOMEI Backupper 2.1;D:\java 1.7\bin;D:\java 1.7\jre\bin;D:\matlab\runtime\win64;D:\matlab\bin;D:\software\Phone\;C:\Program Files (x86)\MySQL\MySQL Server 5.1\bin;D:\maven\apache-maven-3.3.9\bin;D:\tomcat\apache-tomcat-7.0.68\bin;D:\tomcat\apache-tomcat-7.0.68\lib;D:\Git\cmd;C:\Users\asus-pc\AppData\Local\Microsoft\WindowsApps;C:\Users\asus-pc\AppData\Local\GitHubDesktop\bin;D:\Android\SDK\ndk-bundle;D:\Android\SDK\platform-tools
USERNAME=asus-pc
OS=Windows_NT
PROCESSOR_IDENTIFIER=Intel64 Family 6 Model 60 Stepping 3, GenuineIntel



---------------  S Y S T E M  ---------------

OS: Windows 10.0 , 64 bit Build 14393 (10.0.14393.1198)

CPU:total 4 (initial active 4) (2 cores per cpu, 2 threads per core) family 6 model 60 stepping 3, cmov, cx8, fxsr, mmx, sse, sse2, sse3, ssse3, sse4.1, sse4.2, popcnt, avx, avx2, aes, clmul, erms, lzcnt, ht, tsc, tscinvbit, bmi1, bmi2

Memory: 4k page, physical 8274928k(1628264k free), swap 10226672k(5764k free)

vm_info: OpenJDK 64-Bit Server VM (25.152-b01) for windows-amd64 JRE (1.8.0_152-release-915-b01), built by "builder" with MS VC++ 10.0 (VS2010)

time: Tue Nov 28 20:24:07 2017
elapsed time: 7 seconds (0d 0h 0m 7s)

